2018-11-17 17:34:57.9437|INFO|ProjectManager.Utils.LoggingUtility|Operation Result Format: JSON
Request ID: 80000006-0001-fb00-b63f-84710c7967bb
Method: GET
URL: http://localhost:49859/api/user
Controller : ProjectManager.Controllers.UserController
Action : GetUser
Action Parameters : System.Web.Http.Tracing.ITraceWriterExtensions+<>c__DisplayClass7

2018-11-17 17:34:58.0477|INFO|ProjectManager.Utils.LoggingUtility|Operation Result Format: JSON
Request ID: 80000006-0001-fb00-b63f-84710c7967bb
Method: GET
URL: http://localhost:49859/api/user
Controller : ProjectManager.Controllers.UserController
Action : GetUser
Action Parameters : System.Web.Http.Tracing.ITraceWriterExtensions+<>c__DisplayClass7

2018-11-17 17:35:39.9841|INFO|ProjectManager.Utils.LoggingUtility|Operation Result Format: JSON
Request ID: 80000008-0001-fb00-b63f-84710c7967bb
Method: GET
URL: http://localhost:49859/api/project
Controller : ProjectManager.Controllers.ProjectController
Action : RetrieveProjects
Action Parameters : System.Web.Http.Tracing.ITraceWriterExtensions+<>c__DisplayClass7

2018-11-17 17:35:39.9861|INFO|ProjectManager.Utils.LoggingUtility|Operation Result Format: JSON
Request ID: 80000008-0001-fb00-b63f-84710c7967bb
Method: GET
URL: http://localhost:49859/api/project
Controller : ProjectManager.Controllers.ProjectController
Action : RetrieveProjects
Action Parameters : System.Web.Http.Tracing.ITraceWriterExtensions+<>c__DisplayClass7

2018-11-17 17:35:47.5221|INFO|ProjectManager.Utils.LoggingUtility|Operation Result Format: JSON
Request ID: 8000000a-0001-fb00-b63f-84710c7967bb
Method: GET
URL: http://localhost:49859/api/task?projectId=4
Controller : ProjectManager.Controllers.TaskController
Action : RetrieveTaskByProjectId
Action Parameters : System.Web.Http.Tracing.ITraceWriterExtensions+<>c__DisplayClass7

2018-11-17 17:35:47.5221|INFO|ProjectManager.Utils.LoggingUtility|Operation Result Format: JSON
Request ID: 8000000a-0001-fb00-b63f-84710c7967bb
Method: GET
URL: http://localhost:49859/api/task?projectId=4
Controller : ProjectManager.Controllers.TaskController
Action : RetrieveTaskByProjectId
Action Parameters : System.Web.Http.Tracing.ITraceWriterExtensions+<>c__DisplayClass7

2018-11-17 17:46:43.9422|INFO|ProjectManager.Utils.LoggingUtility|Operation Result Format: JSON
Request ID: 8000000b-0000-fd00-b63f-84710c7967bb
Method: GET
URL: http://localhost:49859/api/project
Controller : ProjectManager.Controllers.ProjectController
Action : RetrieveProjects
Action Parameters : System.Web.Http.Tracing.ITraceWriterExtensions+<>c__DisplayClass7

2018-11-17 17:46:43.9422|INFO|ProjectManager.Utils.LoggingUtility|Operation Result Format: JSON
Request ID: 8000000b-0000-fd00-b63f-84710c7967bb
Method: GET
URL: http://localhost:49859/api/project
Controller : ProjectManager.Controllers.ProjectController
Action : RetrieveProjects
Action Parameters : System.Web.Http.Tracing.ITraceWriterExtensions+<>c__DisplayClass7

2018-11-17 17:48:14.1010|INFO|ProjectManager.Utils.LoggingUtility|Operation Result Format: JSON
Request ID: 8000000d-0000-fd00-b63f-84710c7967bb
Method: GET
URL: http://localhost:49859/api/project
Controller : ProjectManager.Controllers.ProjectController
Action : RetrieveProjects
Action Parameters : System.Web.Http.Tracing.ITraceWriterExtensions+<>c__DisplayClass7

2018-11-17 17:48:14.1710|INFO|ProjectManager.Utils.LoggingUtility|Operation Result Format: JSON
Request ID: 8000000d-0000-fd00-b63f-84710c7967bb
Method: GET
URL: http://localhost:49859/api/project
Controller : ProjectManager.Controllers.ProjectController
Action : RetrieveProjects
Action Parameters : System.Web.Http.Tracing.ITraceWriterExtensions+<>c__DisplayClass7

2018-11-17 17:48:48.0338|INFO|ProjectManager.Utils.LoggingUtility|Operation Result Format: JSON
Request ID: 80000002-0003-f800-b63f-84710c7967bb
Method: GET
URL: http://localhost:49859/api/task?projectId=4
Controller : ProjectManager.Controllers.TaskController
Action : RetrieveTaskByProjectId
Action Parameters : System.Web.Http.Tracing.ITraceWriterExtensions+<>c__DisplayClass7

2018-11-17 17:48:48.0338|INFO|ProjectManager.Utils.LoggingUtility|Operation Result Format: JSON
Request ID: 80000002-0003-f800-b63f-84710c7967bb
Method: GET
URL: http://localhost:49859/api/task?projectId=4
Controller : ProjectManager.Controllers.TaskController
Action : RetrieveTaskByProjectId
Action Parameters : System.Web.Http.Tracing.ITraceWriterExtensions+<>c__DisplayClass7

2018-11-17 17:51:57.4707|INFO|ProjectManager.Utils.LoggingUtility|Operation Result Format: JSON
Request ID: 8000000c-0002-fe00-b63f-84710c7967bb
Method: GET
URL: http://localhost:49859/api/project
Controller : ProjectManager.Controllers.ProjectController
Action : RetrieveProjects
Action Parameters : System.Web.Http.Tracing.ITraceWriterExtensions+<>c__DisplayClass7

2018-11-17 17:51:57.4707|INFO|ProjectManager.Utils.LoggingUtility|Operation Result Format: JSON
Request ID: 8000000c-0002-fe00-b63f-84710c7967bb
Method: GET
URL: http://localhost:49859/api/project
Controller : ProjectManager.Controllers.ProjectController
Action : RetrieveProjects
Action Parameters : System.Web.Http.Tracing.ITraceWriterExtensions+<>c__DisplayClass7

2018-11-17 17:53:56.9927|INFO|ProjectManager.Utils.LoggingUtility|Operation Result Format: JSON
Request ID: 80000007-0003-f900-b63f-84710c7967bb
Method: GET
URL: http://localhost:49859/api/project
Controller : ProjectManager.Controllers.ProjectController
Action : RetrieveProjects
Action Parameters : System.Web.Http.Tracing.ITraceWriterExtensions+<>c__DisplayClass7

2018-11-17 17:53:56.9927|INFO|ProjectManager.Utils.LoggingUtility|Operation Result Format: JSON
Request ID: 80000007-0003-f900-b63f-84710c7967bb
Method: GET
URL: http://localhost:49859/api/project
Controller : ProjectManager.Controllers.ProjectController
Action : RetrieveProjects
Action Parameters : System.Web.Http.Tracing.ITraceWriterExtensions+<>c__DisplayClass7

2018-11-17 17:56:46.7800|INFO|ProjectManager.Utils.LoggingUtility|Operation Result Format: JSON
Request ID: 80000009-0003-f900-b63f-84710c7967bb
Method: GET
URL: http://localhost:49859/api/project
Controller : ProjectManager.Controllers.ProjectController
Action : RetrieveProjects
Action Parameters : System.Web.Http.Tracing.ITraceWriterExtensions+<>c__DisplayClass7

2018-11-17 17:56:46.7830|INFO|ProjectManager.Utils.LoggingUtility|Operation Result Format: JSON
Request ID: 80000009-0003-f900-b63f-84710c7967bb
Method: GET
URL: http://localhost:49859/api/project
Controller : ProjectManager.Controllers.ProjectController
Action : RetrieveProjects
Action Parameters : System.Web.Http.Tracing.ITraceWriterExtensions+<>c__DisplayClass7

2018-11-17 18:01:08.9530|INFO|ProjectManager.Utils.LoggingUtility|Operation Result Format: JSON
Request ID: 8000000e-0002-fe00-b63f-84710c7967bb
Method: GET
URL: http://localhost:49859/api/user
Controller : ProjectManager.Controllers.UserController
Action : GetUser
Action Parameters : System.Web.Http.Tracing.ITraceWriterExtensions+<>c__DisplayClass7

2018-11-17 18:01:08.9550|INFO|ProjectManager.Utils.LoggingUtility|Operation Result Format: JSON
Request ID: 8000000e-0002-fe00-b63f-84710c7967bb
Method: GET
URL: http://localhost:49859/api/user
Controller : ProjectManager.Controllers.UserController
Action : GetUser
Action Parameters : System.Web.Http.Tracing.ITraceWriterExtensions+<>c__DisplayClass7

2018-11-17 18:04:20.1438|INFO|ProjectManager.Utils.LoggingUtility|Operation Result Format: JSON
Request ID: 8000000c-0001-fb00-b63f-84710c7967bb
Method: GET
URL: http://localhost:49859/api/project
Controller : ProjectManager.Controllers.ProjectController
Action : RetrieveProjects
Action Parameters : System.Web.Http.Tracing.ITraceWriterExtensions+<>c__DisplayClass7

2018-11-17 18:04:20.1438|INFO|ProjectManager.Utils.LoggingUtility|Operation Result Format: JSON
Request ID: 8000000c-0001-fb00-b63f-84710c7967bb
Method: GET
URL: http://localhost:49859/api/project
Controller : ProjectManager.Controllers.ProjectController
Action : RetrieveProjects
Action Parameters : System.Web.Http.Tracing.ITraceWriterExtensions+<>c__DisplayClass7

2018-11-17 18:04:21.7131|INFO|ProjectManager.Utils.LoggingUtility|Operation Result Format: JSON
Request ID: 8000000e-0001-fb00-b63f-84710c7967bb
Method: GET
URL: http://localhost:49859/api/user
Controller : ProjectManager.Controllers.UserController
Action : GetUser
Action Parameters : System.Web.Http.Tracing.ITraceWriterExtensions+<>c__DisplayClass7

2018-11-17 18:04:21.7131|INFO|ProjectManager.Utils.LoggingUtility|Operation Result Format: JSON
Request ID: 8000000e-0001-fb00-b63f-84710c7967bb
Method: GET
URL: http://localhost:49859/api/user
Controller : ProjectManager.Controllers.UserController
Action : GetUser
Action Parameters : System.Web.Http.Tracing.ITraceWriterExtensions+<>c__DisplayClass7

2018-11-17 18:04:31.5039|INFO|ProjectManager.Utils.LoggingUtility|Operation Result Format: JSON
Request ID: 80000010-0002-fe00-b63f-84710c7967bb
Method: POST
URL: http://localhost:49859/api/user/add
Controller : ProjectManager.Controllers.UserController
Action : InsertUserDetails
Action Parameters : System.Web.Http.Tracing.ITraceWriterExtensions+<>c__DisplayClass7

2018-11-17 18:04:31.5039|INFO|ProjectManager.Utils.LoggingUtility|Operation Result Format: JSON
Request ID: 80000010-0002-fe00-b63f-84710c7967bb
Method: POST
URL: http://localhost:49859/api/user/add
Controller : ProjectManager.Controllers.UserController
Action : InsertUserDetails
Action Parameters : System.Web.Http.Tracing.ITraceWriterExtensions+<>c__DisplayClass7

2018-11-17 18:04:31.8329|INFO|ProjectManager.Utils.LoggingUtility|Operation Result Format: JSON
Request ID: 80000012-0002-fe00-b63f-84710c7967bb
Method: GET
URL: http://localhost:49859/api/user
Controller : ProjectManager.Controllers.UserController
Action : GetUser
Action Parameters : System.Web.Http.Tracing.ITraceWriterExtensions+<>c__DisplayClass7

2018-11-17 18:04:31.8329|INFO|ProjectManager.Utils.LoggingUtility|Operation Result Format: JSON
Request ID: 80000012-0002-fe00-b63f-84710c7967bb
Method: GET
URL: http://localhost:49859/api/user
Controller : ProjectManager.Controllers.UserController
Action : GetUser
Action Parameters : System.Web.Http.Tracing.ITraceWriterExtensions+<>c__DisplayClass7

2018-11-17 18:04:41.6174|INFO|ProjectManager.Utils.LoggingUtility|Operation Result Format: JSON
Request ID: 80000010-0001-fb00-b63f-84710c7967bb
Method: POST
URL: http://localhost:49859/api/user/add
Controller : ProjectManager.Controllers.UserController
Action : InsertUserDetails
Action Parameters : System.Web.Http.Tracing.ITraceWriterExtensions+<>c__DisplayClass7

2018-11-17 18:04:41.6174|INFO|ProjectManager.Utils.LoggingUtility|Operation Result Format: JSON
Request ID: 80000010-0001-fb00-b63f-84710c7967bb
Method: POST
URL: http://localhost:49859/api/user/add
Controller : ProjectManager.Controllers.UserController
Action : InsertUserDetails
Action Parameters : System.Web.Http.Tracing.ITraceWriterExtensions+<>c__DisplayClass7

2018-11-17 18:04:41.8623|INFO|ProjectManager.Utils.LoggingUtility|Operation Result Format: JSON
Request ID: 8000000f-0000-fd00-b63f-84710c7967bb
Method: GET
URL: http://localhost:49859/api/user
Controller : ProjectManager.Controllers.UserController
Action : GetUser
Action Parameters : System.Web.Http.Tracing.ITraceWriterExtensions+<>c__DisplayClass7

2018-11-17 18:04:41.8623|INFO|ProjectManager.Utils.LoggingUtility|Operation Result Format: JSON
Request ID: 8000000f-0000-fd00-b63f-84710c7967bb
Method: GET
URL: http://localhost:49859/api/user
Controller : ProjectManager.Controllers.UserController
Action : GetUser
Action Parameters : System.Web.Http.Tracing.ITraceWriterExtensions+<>c__DisplayClass7

2018-11-17 18:04:54.6483|INFO|ProjectManager.Utils.LoggingUtility|Operation Result Format: JSON
Request ID: 80000012-0001-fb00-b63f-84710c7967bb
Method: GET
URL: http://localhost:49859/api/project
Controller : ProjectManager.Controllers.ProjectController
Action : RetrieveProjects
Action Parameters : System.Web.Http.Tracing.ITraceWriterExtensions+<>c__DisplayClass7

2018-11-17 18:04:54.6483|INFO|ProjectManager.Utils.LoggingUtility|Operation Result Format: JSON
Request ID: 80000012-0001-fb00-b63f-84710c7967bb
Method: GET
URL: http://localhost:49859/api/project
Controller : ProjectManager.Controllers.ProjectController
Action : RetrieveProjects
Action Parameters : System.Web.Http.Tracing.ITraceWriterExtensions+<>c__DisplayClass7

2018-11-17 18:05:07.2641|INFO|ProjectManager.Utils.LoggingUtility|Operation Result Format: JSON
Request ID: 80000011-0000-fd00-b63f-84710c7967bb
Method: GET
URL: http://localhost:49859/api/user
Controller : ProjectManager.Controllers.UserController
Action : GetUser
Action Parameters : System.Web.Http.Tracing.ITraceWriterExtensions+<>c__DisplayClass7

2018-11-17 18:05:07.2641|INFO|ProjectManager.Utils.LoggingUtility|Operation Result Format: JSON
Request ID: 80000011-0000-fd00-b63f-84710c7967bb
Method: GET
URL: http://localhost:49859/api/user
Controller : ProjectManager.Controllers.UserController
Action : GetUser
Action Parameters : System.Web.Http.Tracing.ITraceWriterExtensions+<>c__DisplayClass7

2018-11-17 18:05:07.2641|INFO|ProjectManager.Utils.LoggingUtility|Operation Result Format: JSON
Request ID: 80000014-0002-fe00-b63f-84710c7967bb
Method: GET
URL: http://localhost:49859/api/project
Controller : ProjectManager.Controllers.ProjectController
Action : RetrieveProjects
Action Parameters : System.Web.Http.Tracing.ITraceWriterExtensions+<>c__DisplayClass7

2018-11-17 18:05:07.3051|INFO|ProjectManager.Utils.LoggingUtility|Operation Result Format: JSON
Request ID: 80000014-0002-fe00-b63f-84710c7967bb
Method: GET
URL: http://localhost:49859/api/project
Controller : ProjectManager.Controllers.ProjectController
Action : RetrieveProjects
Action Parameters : System.Web.Http.Tracing.ITraceWriterExtensions+<>c__DisplayClass7

2018-11-17 18:05:30.6671|INFO|ProjectManager.Utils.LoggingUtility|Operation Result Format: JSON
Request ID: 80000016-0002-fe00-b63f-84710c7967bb
Method: POST
URL: http://localhost:49859/api/project/add
Controller : ProjectManager.Controllers.ProjectController
Action : InsertProjectDetails
Action Parameters : System.Web.Http.Tracing.ITraceWriterExtensions+<>c__DisplayClass7

2018-11-17 18:05:30.6671|INFO|ProjectManager.Utils.LoggingUtility|Operation Result Format: JSON
Request ID: 80000016-0002-fe00-b63f-84710c7967bb
Method: POST
URL: http://localhost:49859/api/project/add
Controller : ProjectManager.Controllers.ProjectController
Action : InsertProjectDetails
Action Parameters : System.Web.Http.Tracing.ITraceWriterExtensions+<>c__DisplayClass7

2018-11-17 18:05:30.8931|INFO|ProjectManager.Utils.LoggingUtility|Operation Result Format: JSON
Request ID: 80000013-0000-fd00-b63f-84710c7967bb
Method: GET
URL: http://localhost:49859/api/user
Controller : ProjectManager.Controllers.UserController
Action : GetUser
Action Parameters : System.Web.Http.Tracing.ITraceWriterExtensions+<>c__DisplayClass7

2018-11-17 18:05:30.8931|INFO|ProjectManager.Utils.LoggingUtility|Operation Result Format: JSON
Request ID: 80000013-0000-fd00-b63f-84710c7967bb
Method: GET
URL: http://localhost:49859/api/user
Controller : ProjectManager.Controllers.UserController
Action : GetUser
Action Parameters : System.Web.Http.Tracing.ITraceWriterExtensions+<>c__DisplayClass7

2018-11-17 18:05:31.1901|INFO|ProjectManager.Utils.LoggingUtility|Operation Result Format: JSON
Request ID: 80000015-0000-fd00-b63f-84710c7967bb
Method: GET
URL: http://localhost:49859/api/project
Controller : ProjectManager.Controllers.ProjectController
Action : RetrieveProjects
Action Parameters : System.Web.Http.Tracing.ITraceWriterExtensions+<>c__DisplayClass7

2018-11-17 18:05:31.1901|INFO|ProjectManager.Utils.LoggingUtility|Operation Result Format: JSON
Request ID: 80000015-0000-fd00-b63f-84710c7967bb
Method: GET
URL: http://localhost:49859/api/project
Controller : ProjectManager.Controllers.ProjectController
Action : RetrieveProjects
Action Parameters : System.Web.Http.Tracing.ITraceWriterExtensions+<>c__DisplayClass7

2018-11-17 18:05:39.0324|INFO|ProjectManager.Utils.LoggingUtility|Operation Result Format: JSON
Request ID: 80000017-0000-fd00-b63f-84710c7967bb
Method: GET
URL: http://localhost:49859/api/project
Controller : ProjectManager.Controllers.ProjectController
Action : RetrieveProjects
Action Parameters : System.Web.Http.Tracing.ITraceWriterExtensions+<>c__DisplayClass7

2018-11-17 18:05:39.0363|INFO|ProjectManager.Utils.LoggingUtility|Operation Result Format: JSON
Request ID: 80000017-0000-fd00-b63f-84710c7967bb
Method: GET
URL: http://localhost:49859/api/project
Controller : ProjectManager.Controllers.ProjectController
Action : RetrieveProjects
Action Parameters : System.Web.Http.Tracing.ITraceWriterExtensions+<>c__DisplayClass7

2018-11-17 18:05:49.6349|INFO|ProjectManager.Utils.LoggingUtility|Operation Result Format: JSON
Request ID: 80000019-0000-fd00-b63f-84710c7967bb
Method: GET
URL: http://localhost:49859/api/user
Controller : ProjectManager.Controllers.UserController
Action : GetUser
Action Parameters : System.Web.Http.Tracing.ITraceWriterExtensions+<>c__DisplayClass7

2018-11-17 18:05:49.6349|INFO|ProjectManager.Utils.LoggingUtility|Operation Result Format: JSON
Request ID: 80000019-0000-fd00-b63f-84710c7967bb
Method: GET
URL: http://localhost:49859/api/user
Controller : ProjectManager.Controllers.UserController
Action : GetUser
Action Parameters : System.Web.Http.Tracing.ITraceWriterExtensions+<>c__DisplayClass7

2018-11-17 18:05:54.6861|INFO|ProjectManager.Utils.LoggingUtility|Operation Result Format: JSON
Request ID: 80000014-0001-fb00-b63f-84710c7967bb
Method: POST
URL: http://localhost:49859/api/task/add
Controller : ProjectManager.Controllers.TaskController
Action : InsertTaskDetails
Action Parameters : System.Web.Http.Tracing.ITraceWriterExtensions+<>c__DisplayClass7

2018-11-17 18:05:54.6861|INFO|ProjectManager.Utils.LoggingUtility|Operation Result Format: JSON
Request ID: 80000014-0001-fb00-b63f-84710c7967bb
Method: POST
URL: http://localhost:49859/api/task/add
Controller : ProjectManager.Controllers.TaskController
Action : InsertTaskDetails
Action Parameters : System.Web.Http.Tracing.ITraceWriterExtensions+<>c__DisplayClass7

2018-11-17 18:05:54.9781|INFO|ProjectManager.Utils.LoggingUtility|Operation Result Format: JSON
Request ID: 80000016-0001-fb00-b63f-84710c7967bb
Method: POST
URL: http://localhost:49859/api/task/update
Controller : ProjectManager.Controllers.TaskController
Action : UpdateTaskDetails
Action Parameters : System.Web.Http.Tracing.ITraceWriterExtensions+<>c__DisplayClass7

2018-11-17 18:05:54.9781|INFO|ProjectManager.Utils.LoggingUtility|Operation Result Format: JSON
Request ID: 80000016-0001-fb00-b63f-84710c7967bb
Method: POST
URL: http://localhost:49859/api/task/update
Controller : ProjectManager.Controllers.TaskController
Action : UpdateTaskDetails
Action Parameters : System.Web.Http.Tracing.ITraceWriterExtensions+<>c__DisplayClass7

2018-11-17 18:06:10.1157|INFO|ProjectManager.Utils.LoggingUtility|Request ID: 80000016-0001-fb00-b63f-84710c7967bb
Method: POST
URL: http://localhost:49859/api/task/update
Controller : ProjectManager.Controllers.TaskController
Action : UpdateTaskDetails
Action Parameters : System.Web.Http.Tracing.ITraceWriterExtensions+<>c__DisplayClass1
Error: Sequence contains no elements


2018-11-17 18:07:11.7891|INFO|ProjectManager.Utils.LoggingUtility|Operation Result Format: JSON
Request ID: 80000004-0000-fc00-b63f-84710c7967bb
Method: GET
URL: http://localhost:49859/api/project
Controller : ProjectManager.Controllers.ProjectController
Action : RetrieveProjects
Action Parameters : System.Web.Http.Tracing.ITraceWriterExtensions+<>c__DisplayClass7

2018-11-17 18:07:11.7891|INFO|ProjectManager.Utils.LoggingUtility|Operation Result Format: JSON
Request ID: 8000001b-0000-fd00-b63f-84710c7967bb
Method: GET
URL: http://localhost:49859/api/user
Controller : ProjectManager.Controllers.UserController
Action : GetUser
Action Parameters : System.Web.Http.Tracing.ITraceWriterExtensions+<>c__DisplayClass7

2018-11-17 18:07:11.7891|INFO|ProjectManager.Utils.LoggingUtility|Operation Result Format: JSON
Request ID: 80000004-0000-fc00-b63f-84710c7967bb
Method: GET
URL: http://localhost:49859/api/project
Controller : ProjectManager.Controllers.ProjectController
Action : RetrieveProjects
Action Parameters : System.Web.Http.Tracing.ITraceWriterExtensions+<>c__DisplayClass7

2018-11-17 18:07:11.7891|INFO|ProjectManager.Utils.LoggingUtility|Operation Result Format: JSON
Request ID: 8000001b-0000-fd00-b63f-84710c7967bb
Method: GET
URL: http://localhost:49859/api/user
Controller : ProjectManager.Controllers.UserController
Action : GetUser
Action Parameters : System.Web.Http.Tracing.ITraceWriterExtensions+<>c__DisplayClass7

2018-11-17 18:10:13.9222|INFO|ProjectManager.Utils.LoggingUtility|Operation Result Format: JSON
Request ID: 8000000b-0003-f900-b63f-84710c7967bb
Method: GET
URL: http://localhost:49859/api/project
Controller : ProjectManager.Controllers.ProjectController
Action : RetrieveProjects
Action Parameters : System.Web.Http.Tracing.ITraceWriterExtensions+<>c__DisplayClass7

2018-11-17 18:10:13.9222|INFO|ProjectManager.Utils.LoggingUtility|Operation Result Format: JSON
Request ID: 80000018-0001-fb00-b63f-84710c7967bb
Method: GET
URL: http://localhost:49859/api/user
Controller : ProjectManager.Controllers.UserController
Action : GetUser
Action Parameters : System.Web.Http.Tracing.ITraceWriterExtensions+<>c__DisplayClass7

2018-11-17 18:10:13.9242|INFO|ProjectManager.Utils.LoggingUtility|Operation Result Format: JSON
Request ID: 8000000b-0003-f900-b63f-84710c7967bb
Method: GET
URL: http://localhost:49859/api/project
Controller : ProjectManager.Controllers.ProjectController
Action : RetrieveProjects
Action Parameters : System.Web.Http.Tracing.ITraceWriterExtensions+<>c__DisplayClass7

2018-11-17 18:10:13.9242|INFO|ProjectManager.Utils.LoggingUtility|Operation Result Format: JSON
Request ID: 80000018-0001-fb00-b63f-84710c7967bb
Method: GET
URL: http://localhost:49859/api/user
Controller : ProjectManager.Controllers.UserController
Action : GetUser
Action Parameters : System.Web.Http.Tracing.ITraceWriterExtensions+<>c__DisplayClass7

2018-11-17 18:13:46.8716|INFO|ProjectManager.Utils.LoggingUtility|Operation Result Format: JSON
Request ID: 80000002-0001-f900-b63f-84710c7967bb
Method: POST
URL: http://localhost:49859/api/project/update
Controller : ProjectManager.Controllers.ProjectController
Action : UpdateProjectDetails
Action Parameters : System.Web.Http.Tracing.ITraceWriterExtensions+<>c__DisplayClass7

2018-11-17 18:13:46.9416|INFO|ProjectManager.Utils.LoggingUtility|Operation Result Format: JSON
Request ID: 80000002-0001-f900-b63f-84710c7967bb
Method: POST
URL: http://localhost:49859/api/project/update
Controller : ProjectManager.Controllers.ProjectController
Action : UpdateProjectDetails
Action Parameters : System.Web.Http.Tracing.ITraceWriterExtensions+<>c__DisplayClass7

2018-11-17 18:13:49.5906|INFO|ProjectManager.Utils.LoggingUtility|Operation Result Format: JSON
Request ID: 80000005-0002-ff00-b63f-84710c7967bb
Method: GET
URL: http://localhost:49859/api/user
Controller : ProjectManager.Controllers.UserController
Action : GetUser
Action Parameters : System.Web.Http.Tracing.ITraceWriterExtensions+<>c__DisplayClass7

2018-11-17 18:13:49.5906|INFO|ProjectManager.Utils.LoggingUtility|Operation Result Format: JSON
Request ID: 80000005-0002-ff00-b63f-84710c7967bb
Method: GET
URL: http://localhost:49859/api/user
Controller : ProjectManager.Controllers.UserController
Action : GetUser
Action Parameters : System.Web.Http.Tracing.ITraceWriterExtensions+<>c__DisplayClass7

2018-11-17 18:13:49.8936|INFO|ProjectManager.Utils.LoggingUtility|Operation Result Format: JSON
Request ID: 80000004-0001-f900-b63f-84710c7967bb
Method: GET
URL: http://localhost:49859/api/project
Controller : ProjectManager.Controllers.ProjectController
Action : RetrieveProjects
Action Parameters : System.Web.Http.Tracing.ITraceWriterExtensions+<>c__DisplayClass7

2018-11-17 18:13:49.8936|INFO|ProjectManager.Utils.LoggingUtility|Operation Result Format: JSON
Request ID: 80000004-0001-f900-b63f-84710c7967bb
Method: GET
URL: http://localhost:49859/api/project
Controller : ProjectManager.Controllers.ProjectController
Action : RetrieveProjects
Action Parameters : System.Web.Http.Tracing.ITraceWriterExtensions+<>c__DisplayClass7

2018-11-17 18:16:16.7487|INFO|ProjectManager.Utils.LoggingUtility|Operation Result Format: JSON
Request ID: 80000006-0001-f900-b63f-84710c7967bb
Method: GET
URL: http://localhost:49859/api/project
Controller : ProjectManager.Controllers.ProjectController
Action : RetrieveProjects
Action Parameters : System.Web.Http.Tracing.ITraceWriterExtensions+<>c__DisplayClass7

2018-11-17 18:16:16.7487|INFO|ProjectManager.Utils.LoggingUtility|Operation Result Format: JSON
Request ID: 80000003-0001-fa00-b63f-84710c7967bb
Method: GET
URL: http://localhost:49859/api/user
Controller : ProjectManager.Controllers.UserController
Action : GetUser
Action Parameters : System.Web.Http.Tracing.ITraceWriterExtensions+<>c__DisplayClass7

2018-11-17 18:16:16.8166|INFO|ProjectManager.Utils.LoggingUtility|Operation Result Format: JSON
Request ID: 80000006-0001-f900-b63f-84710c7967bb
Method: GET
URL: http://localhost:49859/api/project
Controller : ProjectManager.Controllers.ProjectController
Action : RetrieveProjects
Action Parameters : System.Web.Http.Tracing.ITraceWriterExtensions+<>c__DisplayClass7

2018-11-17 18:16:16.8166|INFO|ProjectManager.Utils.LoggingUtility|Operation Result Format: JSON
Request ID: 80000003-0001-fa00-b63f-84710c7967bb
Method: GET
URL: http://localhost:49859/api/user
Controller : ProjectManager.Controllers.UserController
Action : GetUser
Action Parameters : System.Web.Http.Tracing.ITraceWriterExtensions+<>c__DisplayClass7

2018-11-17 18:16:44.7938|INFO|ProjectManager.Utils.LoggingUtility|Request ID: 80000006-0001-f900-b63f-84710c7967bb
Method: GET
URL: http://localhost:49859/api/project
Controller : ProjectManager.Controllers.ProjectController
Action : RetrieveProjects
Action Parameters : System.Web.Http.Tracing.ITraceWriterExtensions+<>c__DisplayClass1
Error: LINQ to Entities does not recognize the method 'ProjectManager.Models.User LastOrDefault[User](System.Linq.IQueryable`1[ProjectManager.Models.User])' method, and this method cannot be translated into a store expression.


2018-11-17 18:17:53.3823|INFO|ProjectManager.Utils.LoggingUtility|Operation Result Format: JSON
Request ID: 8000001b-0002-fe00-b63f-84710c7967bb
Method: GET
URL: http://localhost:49859/api/user
Controller : ProjectManager.Controllers.UserController
Action : GetUser
Action Parameters : System.Web.Http.Tracing.ITraceWriterExtensions+<>c__DisplayClass7

2018-11-17 18:17:53.3823|INFO|ProjectManager.Utils.LoggingUtility|Operation Result Format: JSON
Request ID: 80000007-0002-ff00-b63f-84710c7967bb
Method: GET
URL: http://localhost:49859/api/project
Controller : ProjectManager.Controllers.ProjectController
Action : RetrieveProjects
Action Parameters : System.Web.Http.Tracing.ITraceWriterExtensions+<>c__DisplayClass7

2018-11-17 18:17:53.4313|INFO|ProjectManager.Utils.LoggingUtility|Operation Result Format: JSON
Request ID: 8000001b-0002-fe00-b63f-84710c7967bb
Method: GET
URL: http://localhost:49859/api/user
Controller : ProjectManager.Controllers.UserController
Action : GetUser
Action Parameters : System.Web.Http.Tracing.ITraceWriterExtensions+<>c__DisplayClass7

2018-11-17 18:17:53.4313|INFO|ProjectManager.Utils.LoggingUtility|Operation Result Format: JSON
Request ID: 80000007-0002-ff00-b63f-84710c7967bb
Method: GET
URL: http://localhost:49859/api/project
Controller : ProjectManager.Controllers.ProjectController
Action : RetrieveProjects
Action Parameters : System.Web.Http.Tracing.ITraceWriterExtensions+<>c__DisplayClass7

2018-11-17 18:19:44.2803|INFO|ProjectManager.Utils.LoggingUtility|Operation Result Format: JSON
Request ID: 80000005-0003-f800-b63f-84710c7967bb
Method: GET
URL: http://localhost:49859/api/user
Controller : ProjectManager.Controllers.UserController
Action : GetUser
Action Parameters : System.Web.Http.Tracing.ITraceWriterExtensions+<>c__DisplayClass7

2018-11-17 18:19:44.2803|INFO|ProjectManager.Utils.LoggingUtility|Operation Result Format: JSON
Request ID: 80000009-0002-ff00-b63f-84710c7967bb
Method: GET
URL: http://localhost:49859/api/project
Controller : ProjectManager.Controllers.ProjectController
Action : RetrieveProjects
Action Parameters : System.Web.Http.Tracing.ITraceWriterExtensions+<>c__DisplayClass7

2018-11-17 18:19:44.3283|INFO|ProjectManager.Utils.LoggingUtility|Operation Result Format: JSON
Request ID: 80000005-0003-f800-b63f-84710c7967bb
Method: GET
URL: http://localhost:49859/api/user
Controller : ProjectManager.Controllers.UserController
Action : GetUser
Action Parameters : System.Web.Http.Tracing.ITraceWriterExtensions+<>c__DisplayClass7

2018-11-17 18:19:44.3283|INFO|ProjectManager.Utils.LoggingUtility|Operation Result Format: JSON
Request ID: 80000009-0002-ff00-b63f-84710c7967bb
Method: GET
URL: http://localhost:49859/api/project
Controller : ProjectManager.Controllers.ProjectController
Action : RetrieveProjects
Action Parameters : System.Web.Http.Tracing.ITraceWriterExtensions+<>c__DisplayClass7

2018-11-17 18:22:00.3098|INFO|ProjectManager.Utils.LoggingUtility|Operation Result Format: JSON
Request ID: 8000001e-0001-fb00-b63f-84710c7967bb
Method: GET
URL: http://localhost:49859/api/project
Controller : ProjectManager.Controllers.ProjectController
Action : RetrieveProjects
Action Parameters : System.Web.Http.Tracing.ITraceWriterExtensions+<>c__DisplayClass7

2018-11-17 18:22:00.3098|INFO|ProjectManager.Utils.LoggingUtility|Operation Result Format: JSON
Request ID: 8000000b-0001-f900-b63f-84710c7967bb
Method: GET
URL: http://localhost:49859/api/user
Controller : ProjectManager.Controllers.UserController
Action : GetUser
Action Parameters : System.Web.Http.Tracing.ITraceWriterExtensions+<>c__DisplayClass7

2018-11-17 18:22:00.3708|INFO|ProjectManager.Utils.LoggingUtility|Operation Result Format: JSON
Request ID: 8000001e-0001-fb00-b63f-84710c7967bb
Method: GET
URL: http://localhost:49859/api/project
Controller : ProjectManager.Controllers.ProjectController
Action : RetrieveProjects
Action Parameters : System.Web.Http.Tracing.ITraceWriterExtensions+<>c__DisplayClass7

2018-11-17 18:22:00.3708|INFO|ProjectManager.Utils.LoggingUtility|Operation Result Format: JSON
Request ID: 8000000b-0001-f900-b63f-84710c7967bb
Method: GET
URL: http://localhost:49859/api/user
Controller : ProjectManager.Controllers.UserController
Action : GetUser
Action Parameters : System.Web.Http.Tracing.ITraceWriterExtensions+<>c__DisplayClass7

2018-11-17 18:25:09.1225|INFO|ProjectManager.Utils.LoggingUtility|Operation Result Format: JSON
Request ID: 8000001d-0000-fd00-b63f-84710c7967bb
Method: GET
URL: http://localhost:49859/api/user
Controller : ProjectManager.Controllers.UserController
Action : GetUser
Action Parameters : System.Web.Http.Tracing.ITraceWriterExtensions+<>c__DisplayClass7

2018-11-17 18:25:09.1225|INFO|ProjectManager.Utils.LoggingUtility|Operation Result Format: JSON
Request ID: 80000006-0000-fc00-b63f-84710c7967bb
Method: GET
URL: http://localhost:49859/api/project
Controller : ProjectManager.Controllers.ProjectController
Action : RetrieveProjects
Action Parameters : System.Web.Http.Tracing.ITraceWriterExtensions+<>c__DisplayClass7

2018-11-17 18:25:09.2135|INFO|ProjectManager.Utils.LoggingUtility|Operation Result Format: JSON
Request ID: 8000001d-0000-fd00-b63f-84710c7967bb
Method: GET
URL: http://localhost:49859/api/user
Controller : ProjectManager.Controllers.UserController
Action : GetUser
Action Parameters : System.Web.Http.Tracing.ITraceWriterExtensions+<>c__DisplayClass7

2018-11-17 18:25:09.2135|INFO|ProjectManager.Utils.LoggingUtility|Operation Result Format: JSON
Request ID: 80000006-0000-fc00-b63f-84710c7967bb
Method: GET
URL: http://localhost:49859/api/project
Controller : ProjectManager.Controllers.ProjectController
Action : RetrieveProjects
Action Parameters : System.Web.Http.Tracing.ITraceWriterExtensions+<>c__DisplayClass7

2018-11-17 18:27:04.9756|INFO|ProjectManager.Utils.LoggingUtility|Operation Result Format: JSON
Request ID: 80000009-0000-ff00-b63f-84710c7967bb
Method: GET
URL: http://localhost:49859/api/project
Controller : ProjectManager.Controllers.ProjectController
Action : RetrieveProjects
Action Parameters : System.Web.Http.Tracing.ITraceWriterExtensions+<>c__DisplayClass7

2018-11-17 18:27:04.9756|INFO|ProjectManager.Utils.LoggingUtility|Operation Result Format: JSON
Request ID: 8000000b-0002-ff00-b63f-84710c7967bb
Method: GET
URL: http://localhost:49859/api/user
Controller : ProjectManager.Controllers.UserController
Action : GetUser
Action Parameters : System.Web.Http.Tracing.ITraceWriterExtensions+<>c__DisplayClass7

2018-11-17 18:27:05.0306|INFO|ProjectManager.Utils.LoggingUtility|Operation Result Format: JSON
Request ID: 80000009-0000-ff00-b63f-84710c7967bb
Method: GET
URL: http://localhost:49859/api/project
Controller : ProjectManager.Controllers.ProjectController
Action : RetrieveProjects
Action Parameters : System.Web.Http.Tracing.ITraceWriterExtensions+<>c__DisplayClass7

2018-11-17 18:27:05.0306|INFO|ProjectManager.Utils.LoggingUtility|Operation Result Format: JSON
Request ID: 8000000b-0002-ff00-b63f-84710c7967bb
Method: GET
URL: http://localhost:49859/api/user
Controller : ProjectManager.Controllers.UserController
Action : GetUser
Action Parameters : System.Web.Http.Tracing.ITraceWriterExtensions+<>c__DisplayClass7

2018-11-17 18:29:38.5110|INFO|ProjectManager.Utils.LoggingUtility|Operation Result Format: JSON
Request ID: 8000000b-0000-ff00-b63f-84710c7967bb
Method: GET
URL: http://localhost:49859/api/user
Controller : ProjectManager.Controllers.UserController
Action : GetUser
Action Parameters : System.Web.Http.Tracing.ITraceWriterExtensions+<>c__DisplayClass7

2018-11-17 18:29:38.5110|INFO|ProjectManager.Utils.LoggingUtility|Operation Result Format: JSON
Request ID: 80000002-0003-f700-b63f-84710c7967bb
Method: GET
URL: http://localhost:49859/api/project
Controller : ProjectManager.Controllers.ProjectController
Action : RetrieveProjects
Action Parameters : System.Web.Http.Tracing.ITraceWriterExtensions+<>c__DisplayClass7

2018-11-17 18:29:38.5590|INFO|ProjectManager.Utils.LoggingUtility|Operation Result Format: JSON
Request ID: 8000000b-0000-ff00-b63f-84710c7967bb
Method: GET
URL: http://localhost:49859/api/user
Controller : ProjectManager.Controllers.UserController
Action : GetUser
Action Parameters : System.Web.Http.Tracing.ITraceWriterExtensions+<>c__DisplayClass7

2018-11-17 18:29:38.5590|INFO|ProjectManager.Utils.LoggingUtility|Operation Result Format: JSON
Request ID: 80000002-0003-f700-b63f-84710c7967bb
Method: GET
URL: http://localhost:49859/api/project
Controller : ProjectManager.Controllers.ProjectController
Action : RetrieveProjects
Action Parameters : System.Web.Http.Tracing.ITraceWriterExtensions+<>c__DisplayClass7

2018-11-17 18:35:40.3717|INFO|ProjectManager.Utils.LoggingUtility|Operation Result Format: JSON
Request ID: 80000012-0003-f900-b63f-84710c7967bb
Method: GET
URL: http://localhost:49859/api/user
Controller : ProjectManager.Controllers.UserController
Action : GetUser
Action Parameters : System.Web.Http.Tracing.ITraceWriterExtensions+<>c__DisplayClass7

2018-11-17 18:35:40.3717|INFO|ProjectManager.Utils.LoggingUtility|Operation Result Format: JSON
Request ID: 8000001d-0002-fe00-b63f-84710c7967bb
Method: GET
URL: http://localhost:49859/api/project
Controller : ProjectManager.Controllers.ProjectController
Action : RetrieveProjects
Action Parameters : System.Web.Http.Tracing.ITraceWriterExtensions+<>c__DisplayClass7

2018-11-17 18:35:40.4407|INFO|ProjectManager.Utils.LoggingUtility|Operation Result Format: JSON
Request ID: 80000012-0003-f900-b63f-84710c7967bb
Method: GET
URL: http://localhost:49859/api/user
Controller : ProjectManager.Controllers.UserController
Action : GetUser
Action Parameters : System.Web.Http.Tracing.ITraceWriterExtensions+<>c__DisplayClass7

2018-11-17 18:35:40.4407|INFO|ProjectManager.Utils.LoggingUtility|Operation Result Format: JSON
Request ID: 8000001d-0002-fe00-b63f-84710c7967bb
Method: GET
URL: http://localhost:49859/api/project
Controller : ProjectManager.Controllers.ProjectController
Action : RetrieveProjects
Action Parameters : System.Web.Http.Tracing.ITraceWriterExtensions+<>c__DisplayClass7

2018-11-17 18:37:45.8750|INFO|ProjectManager.Utils.LoggingUtility|Operation Result Format: JSON
Request ID: 80000020-0000-fd00-b63f-84710c7967bb
Method: GET
URL: http://localhost:49859/api/project
Controller : ProjectManager.Controllers.ProjectController
Action : RetrieveProjects
Action Parameters : System.Web.Http.Tracing.ITraceWriterExtensions+<>c__DisplayClass7

2018-11-17 18:37:45.8750|INFO|ProjectManager.Utils.LoggingUtility|Operation Result Format: JSON
Request ID: 8000001f-0002-fe00-b63f-84710c7967bb
Method: GET
URL: http://localhost:49859/api/user
Controller : ProjectManager.Controllers.UserController
Action : GetUser
Action Parameters : System.Web.Http.Tracing.ITraceWriterExtensions+<>c__DisplayClass7

2018-11-17 18:37:45.9290|INFO|ProjectManager.Utils.LoggingUtility|Operation Result Format: JSON
Request ID: 80000020-0000-fd00-b63f-84710c7967bb
Method: GET
URL: http://localhost:49859/api/project
Controller : ProjectManager.Controllers.ProjectController
Action : RetrieveProjects
Action Parameters : System.Web.Http.Tracing.ITraceWriterExtensions+<>c__DisplayClass7

2018-11-17 18:37:45.9290|INFO|ProjectManager.Utils.LoggingUtility|Operation Result Format: JSON
Request ID: 8000001f-0002-fe00-b63f-84710c7967bb
Method: GET
URL: http://localhost:49859/api/user
Controller : ProjectManager.Controllers.UserController
Action : GetUser
Action Parameters : System.Web.Http.Tracing.ITraceWriterExtensions+<>c__DisplayClass7

2018-11-17 18:39:04.8263|INFO|ProjectManager.Utils.LoggingUtility|Operation Result Format: JSON
Request ID: 80000023-0001-fb00-b63f-84710c7967bb
Method: GET
URL: http://localhost:49859/api/user
Controller : ProjectManager.Controllers.UserController
Action : GetUser
Action Parameters : System.Web.Http.Tracing.ITraceWriterExtensions+<>c__DisplayClass7

2018-11-17 18:39:04.8263|INFO|ProjectManager.Utils.LoggingUtility|Operation Result Format: JSON
Request ID: 8000000d-0001-f900-b63f-84710c7967bb
Method: GET
URL: http://localhost:49859/api/project
Controller : ProjectManager.Controllers.ProjectController
Action : RetrieveProjects
Action Parameters : System.Web.Http.Tracing.ITraceWriterExtensions+<>c__DisplayClass7

2018-11-17 18:39:04.8783|INFO|ProjectManager.Utils.LoggingUtility|Operation Result Format: JSON
Request ID: 80000023-0001-fb00-b63f-84710c7967bb
Method: GET
URL: http://localhost:49859/api/user
Controller : ProjectManager.Controllers.UserController
Action : GetUser
Action Parameters : System.Web.Http.Tracing.ITraceWriterExtensions+<>c__DisplayClass7

2018-11-17 18:39:04.8783|INFO|ProjectManager.Utils.LoggingUtility|Operation Result Format: JSON
Request ID: 8000000d-0001-f900-b63f-84710c7967bb
Method: GET
URL: http://localhost:49859/api/project
Controller : ProjectManager.Controllers.ProjectController
Action : RetrieveProjects
Action Parameters : System.Web.Http.Tracing.ITraceWriterExtensions+<>c__DisplayClass7

2018-11-17 18:42:47.6066|INFO|ProjectManager.Utils.LoggingUtility|Operation Result Format: JSON
Request ID: 80000022-0002-fe00-b63f-84710c7967bb
Method: GET
URL: http://localhost:49859/api/user
Controller : ProjectManager.Controllers.UserController
Action : GetUser
Action Parameters : System.Web.Http.Tracing.ITraceWriterExtensions+<>c__DisplayClass7

2018-11-17 18:42:47.6066|INFO|ProjectManager.Utils.LoggingUtility|Operation Result Format: JSON
Request ID: 80000017-0002-ff00-b63f-84710c7967bb
Method: GET
URL: http://localhost:49859/api/project
Controller : ProjectManager.Controllers.ProjectController
Action : RetrieveProjects
Action Parameters : System.Web.Http.Tracing.ITraceWriterExtensions+<>c__DisplayClass7

2018-11-17 18:42:47.6636|INFO|ProjectManager.Utils.LoggingUtility|Operation Result Format: JSON
Request ID: 80000022-0002-fe00-b63f-84710c7967bb
Method: GET
URL: http://localhost:49859/api/user
Controller : ProjectManager.Controllers.UserController
Action : GetUser
Action Parameters : System.Web.Http.Tracing.ITraceWriterExtensions+<>c__DisplayClass7

2018-11-17 18:42:47.6636|INFO|ProjectManager.Utils.LoggingUtility|Operation Result Format: JSON
Request ID: 80000017-0002-ff00-b63f-84710c7967bb
Method: GET
URL: http://localhost:49859/api/project
Controller : ProjectManager.Controllers.ProjectController
Action : RetrieveProjects
Action Parameters : System.Web.Http.Tracing.ITraceWriterExtensions+<>c__DisplayClass7

2018-11-17 18:43:09.3813|INFO|ProjectManager.Utils.LoggingUtility|Operation Result Format: JSON
Request ID: 80000009-0000-fe00-b63f-84710c7967bb
Method: POST
URL: http://localhost:49859/api/project/delete
Controller : ProjectManager.Controllers.ProjectController
Action : DeleteProjectDetails
Action Parameters : System.Web.Http.Tracing.ITraceWriterExtensions+<>c__DisplayClass7

2018-11-17 18:43:09.8363|INFO|ProjectManager.Utils.LoggingUtility|Operation Result Format: JSON
Request ID: 80000025-0001-fb00-b63f-84710c7967bb
Method: GET
URL: http://localhost:49859/api/user
Controller : ProjectManager.Controllers.UserController
Action : GetUser
Action Parameters : System.Web.Http.Tracing.ITraceWriterExtensions+<>c__DisplayClass7

2018-11-17 18:43:09.8363|INFO|ProjectManager.Utils.LoggingUtility|Operation Result Format: JSON
Request ID: 80000025-0001-fb00-b63f-84710c7967bb
Method: GET
URL: http://localhost:49859/api/user
Controller : ProjectManager.Controllers.UserController
Action : GetUser
Action Parameters : System.Web.Http.Tracing.ITraceWriterExtensions+<>c__DisplayClass7

2018-11-17 18:43:10.1293|INFO|ProjectManager.Utils.LoggingUtility|Operation Result Format: JSON
Request ID: 8000000b-0000-fe00-b63f-84710c7967bb
Method: GET
URL: http://localhost:49859/api/project
Controller : ProjectManager.Controllers.ProjectController
Action : RetrieveProjects
Action Parameters : System.Web.Http.Tracing.ITraceWriterExtensions+<>c__DisplayClass7

2018-11-17 18:43:10.1293|INFO|ProjectManager.Utils.LoggingUtility|Operation Result Format: JSON
Request ID: 8000000b-0000-fe00-b63f-84710c7967bb
Method: GET
URL: http://localhost:49859/api/project
Controller : ProjectManager.Controllers.ProjectController
Action : RetrieveProjects
Action Parameters : System.Web.Http.Tracing.ITraceWriterExtensions+<>c__DisplayClass7

2018-11-17 18:43:59.7033|INFO|ProjectManager.Utils.LoggingUtility|Operation Result Format: JSON
Request ID: 80000008-0003-f700-b63f-84710c7967bb
Method: GET
URL: http://localhost:49859/api/project
Controller : ProjectManager.Controllers.ProjectController
Action : RetrieveProjects
Action Parameters : System.Web.Http.Tracing.ITraceWriterExtensions+<>c__DisplayClass7

2018-11-17 18:43:59.7053|INFO|ProjectManager.Utils.LoggingUtility|Operation Result Format: JSON
Request ID: 80000008-0003-f700-b63f-84710c7967bb
Method: GET
URL: http://localhost:49859/api/project
Controller : ProjectManager.Controllers.ProjectController
Action : RetrieveProjects
Action Parameters : System.Web.Http.Tracing.ITraceWriterExtensions+<>c__DisplayClass7

2018-11-17 18:44:05.9684|INFO|ProjectManager.Utils.LoggingUtility|Operation Result Format: JSON
Request ID: 8000000a-0003-f700-b63f-84710c7967bb
Method: GET
URL: http://localhost:49859/api/user
Controller : ProjectManager.Controllers.UserController
Action : GetUser
Action Parameters : System.Web.Http.Tracing.ITraceWriterExtensions+<>c__DisplayClass7

2018-11-17 18:44:05.9704|INFO|ProjectManager.Utils.LoggingUtility|Operation Result Format: JSON
Request ID: 8000000a-0003-f700-b63f-84710c7967bb
Method: GET
URL: http://localhost:49859/api/user
Controller : ProjectManager.Controllers.UserController
Action : GetUser
Action Parameters : System.Web.Http.Tracing.ITraceWriterExtensions+<>c__DisplayClass7

2018-11-17 18:44:06.2664|INFO|ProjectManager.Utils.LoggingUtility|Operation Result Format: JSON
Request ID: 8000000c-0003-f700-b63f-84710c7967bb
Method: GET
URL: http://localhost:49859/api/project
Controller : ProjectManager.Controllers.ProjectController
Action : RetrieveProjects
Action Parameters : System.Web.Http.Tracing.ITraceWriterExtensions+<>c__DisplayClass7

2018-11-17 18:44:06.2684|INFO|ProjectManager.Utils.LoggingUtility|Operation Result Format: JSON
Request ID: 8000000c-0003-f700-b63f-84710c7967bb
Method: GET
URL: http://localhost:49859/api/project
Controller : ProjectManager.Controllers.ProjectController
Action : RetrieveProjects
Action Parameters : System.Web.Http.Tracing.ITraceWriterExtensions+<>c__DisplayClass7

2018-11-17 18:44:18.0157|INFO|ProjectManager.Utils.LoggingUtility|Operation Result Format: JSON
Request ID: 8000000d-0000-fe00-b63f-84710c7967bb
Method: POST
URL: http://localhost:49859/api/project/add
Controller : ProjectManager.Controllers.ProjectController
Action : InsertProjectDetails
Action Parameters : System.Web.Http.Tracing.ITraceWriterExtensions+<>c__DisplayClass7

2018-11-17 18:44:18.0207|INFO|ProjectManager.Utils.LoggingUtility|Operation Result Format: JSON
Request ID: 8000000d-0000-fe00-b63f-84710c7967bb
Method: POST
URL: http://localhost:49859/api/project/add
Controller : ProjectManager.Controllers.ProjectController
Action : InsertProjectDetails
Action Parameters : System.Web.Http.Tracing.ITraceWriterExtensions+<>c__DisplayClass7

2018-11-17 18:44:18.2767|INFO|ProjectManager.Utils.LoggingUtility|Operation Result Format: JSON
Request ID: 8000000f-0000-fe00-b63f-84710c7967bb
Method: GET
URL: http://localhost:49859/api/user
Controller : ProjectManager.Controllers.UserController
Action : GetUser
Action Parameters : System.Web.Http.Tracing.ITraceWriterExtensions+<>c__DisplayClass7

2018-11-17 18:44:18.2767|INFO|ProjectManager.Utils.LoggingUtility|Operation Result Format: JSON
Request ID: 8000000f-0000-fe00-b63f-84710c7967bb
Method: GET
URL: http://localhost:49859/api/user
Controller : ProjectManager.Controllers.UserController
Action : GetUser
Action Parameters : System.Web.Http.Tracing.ITraceWriterExtensions+<>c__DisplayClass7

2018-11-17 18:44:18.4517|INFO|ProjectManager.Utils.LoggingUtility|Operation Result Format: JSON
Request ID: 80000011-0000-fe00-b63f-84710c7967bb
Method: GET
URL: http://localhost:49859/api/project
Controller : ProjectManager.Controllers.ProjectController
Action : RetrieveProjects
Action Parameters : System.Web.Http.Tracing.ITraceWriterExtensions+<>c__DisplayClass7

2018-11-17 18:44:18.4517|INFO|ProjectManager.Utils.LoggingUtility|Operation Result Format: JSON
Request ID: 80000011-0000-fe00-b63f-84710c7967bb
Method: GET
URL: http://localhost:49859/api/project
Controller : ProjectManager.Controllers.ProjectController
Action : RetrieveProjects
Action Parameters : System.Web.Http.Tracing.ITraceWriterExtensions+<>c__DisplayClass7

2018-11-17 18:44:43.6551|INFO|ProjectManager.Utils.LoggingUtility|Operation Result Format: JSON
Request ID: 80000027-0001-fb00-b63f-84710c7967bb
Method: POST
URL: http://localhost:49859/api/project/add
Controller : ProjectManager.Controllers.ProjectController
Action : InsertProjectDetails
Action Parameters : System.Web.Http.Tracing.ITraceWriterExtensions+<>c__DisplayClass7

2018-11-17 18:44:43.6581|INFO|ProjectManager.Utils.LoggingUtility|Operation Result Format: JSON
Request ID: 80000027-0001-fb00-b63f-84710c7967bb
Method: POST
URL: http://localhost:49859/api/project/add
Controller : ProjectManager.Controllers.ProjectController
Action : InsertProjectDetails
Action Parameters : System.Web.Http.Tracing.ITraceWriterExtensions+<>c__DisplayClass7

2018-11-17 18:44:43.8631|INFO|ProjectManager.Utils.LoggingUtility|Operation Result Format: JSON
Request ID: 8000000e-0003-f700-b63f-84710c7967bb
Method: GET
URL: http://localhost:49859/api/user
Controller : ProjectManager.Controllers.UserController
Action : GetUser
Action Parameters : System.Web.Http.Tracing.ITraceWriterExtensions+<>c__DisplayClass7

2018-11-17 18:44:43.8631|INFO|ProjectManager.Utils.LoggingUtility|Operation Result Format: JSON
Request ID: 8000000e-0003-f700-b63f-84710c7967bb
Method: GET
URL: http://localhost:49859/api/user
Controller : ProjectManager.Controllers.UserController
Action : GetUser
Action Parameters : System.Web.Http.Tracing.ITraceWriterExtensions+<>c__DisplayClass7

2018-11-17 18:44:44.0321|INFO|ProjectManager.Utils.LoggingUtility|Operation Result Format: JSON
Request ID: 80000024-0002-fe00-b63f-84710c7967bb
Method: GET
URL: http://localhost:49859/api/project
Controller : ProjectManager.Controllers.ProjectController
Action : RetrieveProjects
Action Parameters : System.Web.Http.Tracing.ITraceWriterExtensions+<>c__DisplayClass7

2018-11-17 18:44:44.0341|INFO|ProjectManager.Utils.LoggingUtility|Operation Result Format: JSON
Request ID: 80000024-0002-fe00-b63f-84710c7967bb
Method: GET
URL: http://localhost:49859/api/project
Controller : ProjectManager.Controllers.ProjectController
Action : RetrieveProjects
Action Parameters : System.Web.Http.Tracing.ITraceWriterExtensions+<>c__DisplayClass7

2018-11-17 18:45:00.4268|INFO|ProjectManager.Utils.LoggingUtility|Operation Result Format: JSON
Request ID: 8000000d-0000-fc00-b63f-84710c7967bb
Method: GET
URL: http://localhost:49859/api/project
Controller : ProjectManager.Controllers.ProjectController
Action : RetrieveProjects
Action Parameters : System.Web.Http.Tracing.ITraceWriterExtensions+<>c__DisplayClass7

2018-11-17 18:45:00.4268|INFO|ProjectManager.Utils.LoggingUtility|Operation Result Format: JSON
Request ID: 8000000d-0000-fc00-b63f-84710c7967bb
Method: GET
URL: http://localhost:49859/api/project
Controller : ProjectManager.Controllers.ProjectController
Action : RetrieveProjects
Action Parameters : System.Web.Http.Tracing.ITraceWriterExtensions+<>c__DisplayClass7

2018-11-17 18:45:08.7169|INFO|ProjectManager.Utils.LoggingUtility|Operation Result Format: JSON
Request ID: 8000000f-0000-fc00-b63f-84710c7967bb
Method: GET
URL: http://localhost:49859/api/user
Controller : ProjectManager.Controllers.UserController
Action : GetUser
Action Parameters : System.Web.Http.Tracing.ITraceWriterExtensions+<>c__DisplayClass7

2018-11-17 18:45:08.7169|INFO|ProjectManager.Utils.LoggingUtility|Operation Result Format: JSON
Request ID: 8000000f-0000-fc00-b63f-84710c7967bb
Method: GET
URL: http://localhost:49859/api/user
Controller : ProjectManager.Controllers.UserController
Action : GetUser
Action Parameters : System.Web.Http.Tracing.ITraceWriterExtensions+<>c__DisplayClass7

2018-11-17 18:46:23.7206|INFO|ProjectManager.Utils.LoggingUtility|Operation Result Format: JSON
Request ID: 80000026-0002-fe00-b63f-84710c7967bb
Method: POST
URL: http://localhost:49859/api/task/add
Controller : ProjectManager.Controllers.TaskController
Action : InsertTaskDetails
Action Parameters : System.Web.Http.Tracing.ITraceWriterExtensions+<>c__DisplayClass7

2018-11-17 18:46:23.7206|INFO|ProjectManager.Utils.LoggingUtility|Operation Result Format: JSON
Request ID: 80000026-0002-fe00-b63f-84710c7967bb
Method: POST
URL: http://localhost:49859/api/task/add
Controller : ProjectManager.Controllers.TaskController
Action : InsertTaskDetails
Action Parameters : System.Web.Http.Tracing.ITraceWriterExtensions+<>c__DisplayClass7

2018-11-17 18:46:23.7206|INFO|ProjectManager.Utils.LoggingUtility|Operation Result Format: JSON
Request ID: 80000029-0001-fb00-b63f-84710c7967bb
Method: POST
URL: http://localhost:49859/api/task/update
Controller : ProjectManager.Controllers.TaskController
Action : UpdateTaskDetails
Action Parameters : System.Web.Http.Tracing.ITraceWriterExtensions+<>c__DisplayClass7

2018-11-17 18:46:23.7206|INFO|ProjectManager.Utils.LoggingUtility|Operation Result Format: JSON
Request ID: 80000029-0001-fb00-b63f-84710c7967bb
Method: POST
URL: http://localhost:49859/api/task/update
Controller : ProjectManager.Controllers.TaskController
Action : UpdateTaskDetails
Action Parameters : System.Web.Http.Tracing.ITraceWriterExtensions+<>c__DisplayClass7

2018-11-17 18:48:27.1590|INFO|ProjectManager.Utils.LoggingUtility|Request ID: 80000029-0001-fb00-b63f-84710c7967bb
Method: POST
URL: http://localhost:49859/api/task/update
Controller : ProjectManager.Controllers.TaskController
Action : UpdateTaskDetails
Action Parameters : System.Web.Http.Tracing.ITraceWriterExtensions+<>c__DisplayClass1
Error: Sequence contains no elements


2018-11-17 18:51:11.4648|INFO|ProjectManager.Utils.LoggingUtility|Operation Result Format: JSON
Request ID: 8000002b-0001-fb00-b63f-84710c7967bb
Method: GET
URL: http://localhost:49859/api/project
Controller : ProjectManager.Controllers.ProjectController
Action : RetrieveProjects
Action Parameters : System.Web.Http.Tracing.ITraceWriterExtensions+<>c__DisplayClass7

2018-11-17 18:51:11.5328|INFO|ProjectManager.Utils.LoggingUtility|Operation Result Format: JSON
Request ID: 8000002b-0001-fb00-b63f-84710c7967bb
Method: GET
URL: http://localhost:49859/api/project
Controller : ProjectManager.Controllers.ProjectController
Action : RetrieveProjects
Action Parameters : System.Web.Http.Tracing.ITraceWriterExtensions+<>c__DisplayClass7

2018-11-17 18:51:26.3064|INFO|ProjectManager.Utils.LoggingUtility|Operation Result Format: JSON
Request ID: 80000023-0000-fd00-b63f-84710c7967bb
Method: GET
URL: http://localhost:49859/api/user
Controller : ProjectManager.Controllers.UserController
Action : GetUser
Action Parameters : System.Web.Http.Tracing.ITraceWriterExtensions+<>c__DisplayClass7

2018-11-17 18:51:26.3064|INFO|ProjectManager.Utils.LoggingUtility|Operation Result Format: JSON
Request ID: 80000023-0000-fd00-b63f-84710c7967bb
Method: GET
URL: http://localhost:49859/api/user
Controller : ProjectManager.Controllers.UserController
Action : GetUser
Action Parameters : System.Web.Http.Tracing.ITraceWriterExtensions+<>c__DisplayClass7

2018-11-17 18:51:31.5824|INFO|ProjectManager.Utils.LoggingUtility|Operation Result Format: JSON
Request ID: 8000002d-0001-fb00-b63f-84710c7967bb
Method: POST
URL: http://localhost:49859/api/task/add
Controller : ProjectManager.Controllers.TaskController
Action : InsertTaskDetails
Action Parameters : System.Web.Http.Tracing.ITraceWriterExtensions+<>c__DisplayClass7

2018-11-17 18:51:31.5824|INFO|ProjectManager.Utils.LoggingUtility|Operation Result Format: JSON
Request ID: 8000002d-0001-fb00-b63f-84710c7967bb
Method: POST
URL: http://localhost:49859/api/task/add
Controller : ProjectManager.Controllers.TaskController
Action : InsertTaskDetails
Action Parameters : System.Web.Http.Tracing.ITraceWriterExtensions+<>c__DisplayClass7

2018-11-17 18:53:01.7784|INFO|ProjectManager.Utils.LoggingUtility|Operation Result Format: JSON
Request ID: 8000002f-0001-fb00-b63f-84710c7967bb
Method: GET
URL: http://localhost:49859/api/project
Controller : ProjectManager.Controllers.ProjectController
Action : RetrieveProjects
Action Parameters : System.Web.Http.Tracing.ITraceWriterExtensions+<>c__DisplayClass7

2018-11-17 18:53:01.7784|INFO|ProjectManager.Utils.LoggingUtility|Operation Result Format: JSON
Request ID: 80000002-0002-fd00-b63f-84710c7967bb
Method: GET
URL: http://localhost:49859/api/user
Controller : ProjectManager.Controllers.UserController
Action : GetUser
Action Parameters : System.Web.Http.Tracing.ITraceWriterExtensions+<>c__DisplayClass7

2018-11-17 18:53:01.7784|INFO|ProjectManager.Utils.LoggingUtility|Operation Result Format: JSON
Request ID: 80000002-0002-fd00-b63f-84710c7967bb
Method: GET
URL: http://localhost:49859/api/user
Controller : ProjectManager.Controllers.UserController
Action : GetUser
Action Parameters : System.Web.Http.Tracing.ITraceWriterExtensions+<>c__DisplayClass7

2018-11-17 18:53:01.7784|INFO|ProjectManager.Utils.LoggingUtility|Operation Result Format: JSON
Request ID: 8000002f-0001-fb00-b63f-84710c7967bb
Method: GET
URL: http://localhost:49859/api/project
Controller : ProjectManager.Controllers.ProjectController
Action : RetrieveProjects
Action Parameters : System.Web.Http.Tracing.ITraceWriterExtensions+<>c__DisplayClass7

2018-11-17 18:53:07.6831|INFO|ProjectManager.Utils.LoggingUtility|Operation Result Format: JSON
Request ID: 80000031-0001-fb00-b63f-84710c7967bb
Method: GET
URL: http://localhost:49859/api/project
Controller : ProjectManager.Controllers.ProjectController
Action : RetrieveProjects
Action Parameters : System.Web.Http.Tracing.ITraceWriterExtensions+<>c__DisplayClass7

2018-11-17 18:53:07.6831|INFO|ProjectManager.Utils.LoggingUtility|Operation Result Format: JSON
Request ID: 80000031-0001-fb00-b63f-84710c7967bb
Method: GET
URL: http://localhost:49859/api/project
Controller : ProjectManager.Controllers.ProjectController
Action : RetrieveProjects
Action Parameters : System.Web.Http.Tracing.ITraceWriterExtensions+<>c__DisplayClass7

2018-11-17 18:53:15.9036|INFO|ProjectManager.Utils.LoggingUtility|Operation Result Format: JSON
Request ID: 80000004-0002-fd00-b63f-84710c7967bb
Method: GET
URL: http://localhost:49859/api/task?projectId=2
Controller : ProjectManager.Controllers.TaskController
Action : RetrieveTaskByProjectId
Action Parameters : System.Web.Http.Tracing.ITraceWriterExtensions+<>c__DisplayClass7

2018-11-17 18:53:15.9036|INFO|ProjectManager.Utils.LoggingUtility|Operation Result Format: JSON
Request ID: 80000004-0002-fd00-b63f-84710c7967bb
Method: GET
URL: http://localhost:49859/api/task?projectId=2
Controller : ProjectManager.Controllers.TaskController
Action : RetrieveTaskByProjectId
Action Parameters : System.Web.Http.Tracing.ITraceWriterExtensions+<>c__DisplayClass7

2018-11-17 18:56:09.0243|INFO|ProjectManager.Utils.LoggingUtility|Operation Result Format: JSON
Request ID: 80000006-0002-fd00-b63f-84710c7967bb
Method: GET
URL: http://localhost:49859/api/user
Controller : ProjectManager.Controllers.UserController
Action : GetUser
Action Parameters : System.Web.Http.Tracing.ITraceWriterExtensions+<>c__DisplayClass7

2018-11-17 18:56:09.0243|INFO|ProjectManager.Utils.LoggingUtility|Operation Result Format: JSON
Request ID: 80000013-0003-f700-b63f-84710c7967bb
Method: GET
URL: http://localhost:49859/api/project
Controller : ProjectManager.Controllers.ProjectController
Action : RetrieveProjects
Action Parameters : System.Web.Http.Tracing.ITraceWriterExtensions+<>c__DisplayClass7

2018-11-17 18:56:09.0243|INFO|ProjectManager.Utils.LoggingUtility|Operation Result Format: JSON
Request ID: 80000006-0002-fd00-b63f-84710c7967bb
Method: GET
URL: http://localhost:49859/api/user
Controller : ProjectManager.Controllers.UserController
Action : GetUser
Action Parameters : System.Web.Http.Tracing.ITraceWriterExtensions+<>c__DisplayClass7

2018-11-17 18:56:09.0243|INFO|ProjectManager.Utils.LoggingUtility|Operation Result Format: JSON
Request ID: 80000013-0003-f700-b63f-84710c7967bb
Method: GET
URL: http://localhost:49859/api/project
Controller : ProjectManager.Controllers.ProjectController
Action : RetrieveProjects
Action Parameters : System.Web.Http.Tracing.ITraceWriterExtensions+<>c__DisplayClass7

2018-11-17 18:59:38.0504|INFO|ProjectManager.Utils.LoggingUtility|Operation Result Format: JSON
Request ID: 80000015-0003-f700-b63f-84710c7967bb
Method: GET
URL: http://localhost:49859/api/user
Controller : ProjectManager.Controllers.UserController
Action : GetUser
Action Parameters : System.Web.Http.Tracing.ITraceWriterExtensions+<>c__DisplayClass7

2018-11-17 18:59:38.0504|INFO|ProjectManager.Utils.LoggingUtility|Operation Result Format: JSON
Request ID: 8000000f-0003-f800-b63f-84710c7967bb
Method: GET
URL: http://localhost:49859/api/project
Controller : ProjectManager.Controllers.ProjectController
Action : RetrieveProjects
Action Parameters : System.Web.Http.Tracing.ITraceWriterExtensions+<>c__DisplayClass7

2018-11-17 18:59:38.0504|INFO|ProjectManager.Utils.LoggingUtility|Operation Result Format: JSON
Request ID: 8000000f-0003-f800-b63f-84710c7967bb
Method: GET
URL: http://localhost:49859/api/project
Controller : ProjectManager.Controllers.ProjectController
Action : RetrieveProjects
Action Parameters : System.Web.Http.Tracing.ITraceWriterExtensions+<>c__DisplayClass7

2018-11-17 18:59:38.0504|INFO|ProjectManager.Utils.LoggingUtility|Operation Result Format: JSON
Request ID: 80000015-0003-f700-b63f-84710c7967bb
Method: GET
URL: http://localhost:49859/api/user
Controller : ProjectManager.Controllers.UserController
Action : GetUser
Action Parameters : System.Web.Http.Tracing.ITraceWriterExtensions+<>c__DisplayClass7

2018-11-17 19:00:20.9489|INFO|ProjectManager.Utils.LoggingUtility|Operation Result Format: JSON
Request ID: 80000002-0002-fc00-b63f-84710c7967bb
Method: GET
URL: http://localhost:49859/api/project
Controller : ProjectManager.Controllers.ProjectController
Action : RetrieveProjects
Action Parameters : System.Web.Http.Tracing.ITraceWriterExtensions+<>c__DisplayClass7

2018-11-17 19:00:20.9599|INFO|ProjectManager.Utils.LoggingUtility|Operation Result Format: JSON
Request ID: 80000002-0002-fc00-b63f-84710c7967bb
Method: GET
URL: http://localhost:49859/api/project
Controller : ProjectManager.Controllers.ProjectController
Action : RetrieveProjects
Action Parameters : System.Web.Http.Tracing.ITraceWriterExtensions+<>c__DisplayClass7

2018-11-17 19:00:20.9599|INFO|ProjectManager.Utils.LoggingUtility|Operation Result Format: JSON
Request ID: 80000008-0002-fd00-b63f-84710c7967bb
Method: GET
URL: http://localhost:49859/api/user
Controller : ProjectManager.Controllers.UserController
Action : GetUser
Action Parameters : System.Web.Http.Tracing.ITraceWriterExtensions+<>c__DisplayClass7

2018-11-17 19:00:20.9599|INFO|ProjectManager.Utils.LoggingUtility|Operation Result Format: JSON
Request ID: 80000008-0002-fd00-b63f-84710c7967bb
Method: GET
URL: http://localhost:49859/api/user
Controller : ProjectManager.Controllers.UserController
Action : GetUser
Action Parameters : System.Web.Http.Tracing.ITraceWriterExtensions+<>c__DisplayClass7

2018-11-17 19:01:41.6435|INFO|ProjectManager.Utils.LoggingUtility|Operation Result Format: JSON
Request ID: 80000011-0003-f800-b63f-84710c7967bb
Method: GET
URL: http://localhost:49859/api/user
Controller : ProjectManager.Controllers.UserController
Action : GetUser
Action Parameters : System.Web.Http.Tracing.ITraceWriterExtensions+<>c__DisplayClass7

2018-11-17 19:01:41.6435|INFO|ProjectManager.Utils.LoggingUtility|Operation Result Format: JSON
Request ID: 80000011-0003-f800-b63f-84710c7967bb
Method: GET
URL: http://localhost:49859/api/user
Controller : ProjectManager.Controllers.UserController
Action : GetUser
Action Parameters : System.Web.Http.Tracing.ITraceWriterExtensions+<>c__DisplayClass7

2018-11-17 19:01:41.6435|INFO|ProjectManager.Utils.LoggingUtility|Operation Result Format: JSON
Request ID: 80000017-0003-f700-b63f-84710c7967bb
Method: GET
URL: http://localhost:49859/api/project
Controller : ProjectManager.Controllers.ProjectController
Action : RetrieveProjects
Action Parameters : System.Web.Http.Tracing.ITraceWriterExtensions+<>c__DisplayClass7

2018-11-17 19:01:41.6705|INFO|ProjectManager.Utils.LoggingUtility|Operation Result Format: JSON
Request ID: 80000017-0003-f700-b63f-84710c7967bb
Method: GET
URL: http://localhost:49859/api/project
Controller : ProjectManager.Controllers.ProjectController
Action : RetrieveProjects
Action Parameters : System.Web.Http.Tracing.ITraceWriterExtensions+<>c__DisplayClass7

2018-11-17 19:02:35.3753|INFO|ProjectManager.Utils.LoggingUtility|Operation Result Format: JSON
Request ID: 8000000a-0002-fd00-b63f-84710c7967bb
Method: GET
URL: http://localhost:49859/api/user
Controller : ProjectManager.Controllers.UserController
Action : GetUser
Action Parameters : System.Web.Http.Tracing.ITraceWriterExtensions+<>c__DisplayClass7

2018-11-17 19:02:35.3903|INFO|ProjectManager.Utils.LoggingUtility|Operation Result Format: JSON
Request ID: 80000004-0002-fc00-b63f-84710c7967bb
Method: GET
URL: http://localhost:49859/api/project
Controller : ProjectManager.Controllers.ProjectController
Action : RetrieveProjects
Action Parameters : System.Web.Http.Tracing.ITraceWriterExtensions+<>c__DisplayClass7

2018-11-17 19:02:35.3933|INFO|ProjectManager.Utils.LoggingUtility|Operation Result Format: JSON
Request ID: 8000000a-0002-fd00-b63f-84710c7967bb
Method: GET
URL: http://localhost:49859/api/user
Controller : ProjectManager.Controllers.UserController
Action : GetUser
Action Parameters : System.Web.Http.Tracing.ITraceWriterExtensions+<>c__DisplayClass7

2018-11-17 19:02:35.3933|INFO|ProjectManager.Utils.LoggingUtility|Operation Result Format: JSON
Request ID: 80000004-0002-fc00-b63f-84710c7967bb
Method: GET
URL: http://localhost:49859/api/project
Controller : ProjectManager.Controllers.ProjectController
Action : RetrieveProjects
Action Parameters : System.Web.Http.Tracing.ITraceWriterExtensions+<>c__DisplayClass7

2018-11-17 19:03:16.1351|INFO|ProjectManager.Utils.LoggingUtility|Operation Result Format: JSON
Request ID: 80000025-0000-fd00-b63f-84710c7967bb
Method: GET
URL: http://localhost:49859/api/user
Controller : ProjectManager.Controllers.UserController
Action : GetUser
Action Parameters : System.Web.Http.Tracing.ITraceWriterExtensions+<>c__DisplayClass7

2018-11-17 19:03:16.1431|INFO|ProjectManager.Utils.LoggingUtility|Operation Result Format: JSON
Request ID: 80000025-0000-fd00-b63f-84710c7967bb
Method: GET
URL: http://localhost:49859/api/user
Controller : ProjectManager.Controllers.UserController
Action : GetUser
Action Parameters : System.Web.Http.Tracing.ITraceWriterExtensions+<>c__DisplayClass7

2018-11-17 19:03:16.1761|INFO|ProjectManager.Utils.LoggingUtility|Operation Result Format: JSON
Request ID: 8000000f-0000-ff00-b63f-84710c7967bb
Method: GET
URL: http://localhost:49859/api/project
Controller : ProjectManager.Controllers.ProjectController
Action : RetrieveProjects
Action Parameters : System.Web.Http.Tracing.ITraceWriterExtensions+<>c__DisplayClass7

2018-11-17 19:03:16.1761|INFO|ProjectManager.Utils.LoggingUtility|Operation Result Format: JSON
Request ID: 8000000f-0000-ff00-b63f-84710c7967bb
Method: GET
URL: http://localhost:49859/api/project
Controller : ProjectManager.Controllers.ProjectController
Action : RetrieveProjects
Action Parameters : System.Web.Http.Tracing.ITraceWriterExtensions+<>c__DisplayClass7

2018-11-17 19:03:27.1156|INFO|ProjectManager.Utils.LoggingUtility|Operation Result Format: JSON
Request ID: 80000033-0001-fb00-b63f-84710c7967bb
Method: GET
URL: http://localhost:49859/api/project
Controller : ProjectManager.Controllers.ProjectController
Action : RetrieveProjects
Action Parameters : System.Web.Http.Tracing.ITraceWriterExtensions+<>c__DisplayClass7

2018-11-17 19:03:27.1156|INFO|ProjectManager.Utils.LoggingUtility|Operation Result Format: JSON
Request ID: 80000033-0001-fb00-b63f-84710c7967bb
Method: GET
URL: http://localhost:49859/api/project
Controller : ProjectManager.Controllers.ProjectController
Action : RetrieveProjects
Action Parameters : System.Web.Http.Tracing.ITraceWriterExtensions+<>c__DisplayClass7

2018-11-17 19:03:34.9858|INFO|ProjectManager.Utils.LoggingUtility|Operation Result Format: JSON
Request ID: 80000006-0002-fc00-b63f-84710c7967bb
Method: GET
URL: http://localhost:49859/api/task?projectId=2
Controller : ProjectManager.Controllers.TaskController
Action : RetrieveTaskByProjectId
Action Parameters : System.Web.Http.Tracing.ITraceWriterExtensions+<>c__DisplayClass7

2018-11-17 19:03:34.9908|INFO|ProjectManager.Utils.LoggingUtility|Operation Result Format: JSON
Request ID: 80000006-0002-fc00-b63f-84710c7967bb
Method: GET
URL: http://localhost:49859/api/task?projectId=2
Controller : ProjectManager.Controllers.TaskController
Action : RetrieveTaskByProjectId
Action Parameters : System.Web.Http.Tracing.ITraceWriterExtensions+<>c__DisplayClass7

2018-11-17 19:03:40.6236|INFO|ProjectManager.Utils.LoggingUtility|Operation Result Format: JSON
Request ID: 80000035-0001-fb00-b63f-84710c7967bb
Method: POST
URL: http://localhost:49859/api/task/delete
Controller : ProjectManager.Controllers.TaskController
Action : DeleteTaskDetails
Action Parameters : System.Web.Http.Tracing.ITraceWriterExtensions+<>c__DisplayClass7

2018-11-17 19:03:40.6236|INFO|ProjectManager.Utils.LoggingUtility|Operation Result Format: JSON
Request ID: 80000035-0001-fb00-b63f-84710c7967bb
Method: POST
URL: http://localhost:49859/api/task/delete
Controller : ProjectManager.Controllers.TaskController
Action : DeleteTaskDetails
Action Parameters : System.Web.Http.Tracing.ITraceWriterExtensions+<>c__DisplayClass7

2018-11-17 19:04:33.2302|INFO|ProjectManager.Utils.LoggingUtility|Operation Result Format: JSON
Request ID: 80000008-0002-fc00-b63f-84710c7967bb
Method: GET
URL: http://localhost:49859/api/project
Controller : ProjectManager.Controllers.ProjectController
Action : RetrieveProjects
Action Parameters : System.Web.Http.Tracing.ITraceWriterExtensions+<>c__DisplayClass7

2018-11-17 19:04:33.2302|INFO|ProjectManager.Utils.LoggingUtility|Operation Result Format: JSON
Request ID: 80000008-0002-fc00-b63f-84710c7967bb
Method: GET
URL: http://localhost:49859/api/project
Controller : ProjectManager.Controllers.ProjectController
Action : RetrieveProjects
Action Parameters : System.Web.Http.Tracing.ITraceWriterExtensions+<>c__DisplayClass7

2018-11-17 19:04:38.6807|INFO|ProjectManager.Utils.LoggingUtility|Operation Result Format: JSON
Request ID: 80000011-0000-ff00-b63f-84710c7967bb
Method: GET
URL: http://localhost:49859/api/task?projectId=2
Controller : ProjectManager.Controllers.TaskController
Action : RetrieveTaskByProjectId
Action Parameters : System.Web.Http.Tracing.ITraceWriterExtensions+<>c__DisplayClass7

2018-11-17 19:04:38.6807|INFO|ProjectManager.Utils.LoggingUtility|Operation Result Format: JSON
Request ID: 80000011-0000-ff00-b63f-84710c7967bb
Method: GET
URL: http://localhost:49859/api/task?projectId=2
Controller : ProjectManager.Controllers.TaskController
Action : RetrieveTaskByProjectId
Action Parameters : System.Web.Http.Tracing.ITraceWriterExtensions+<>c__DisplayClass7

2018-11-17 19:04:41.5590|INFO|ProjectManager.Utils.LoggingUtility|Operation Result Format: JSON
Request ID: 8000000a-0002-fc00-b63f-84710c7967bb
Method: POST
URL: http://localhost:49859/api/task/delete
Controller : ProjectManager.Controllers.TaskController
Action : DeleteTaskDetails
Action Parameters : System.Web.Http.Tracing.ITraceWriterExtensions+<>c__DisplayClass7

2018-11-17 19:04:41.5590|INFO|ProjectManager.Utils.LoggingUtility|Operation Result Format: JSON
Request ID: 8000000a-0002-fc00-b63f-84710c7967bb
Method: POST
URL: http://localhost:49859/api/task/delete
Controller : ProjectManager.Controllers.TaskController
Action : DeleteTaskDetails
Action Parameters : System.Web.Http.Tracing.ITraceWriterExtensions+<>c__DisplayClass7

2018-11-17 19:06:16.9066|INFO|ProjectManager.Utils.LoggingUtility|Operation Result Format: JSON
Request ID: 80000013-0000-ff00-b63f-84710c7967bb
Method: GET
URL: http://localhost:49859/api/project
Controller : ProjectManager.Controllers.ProjectController
Action : RetrieveProjects
Action Parameters : System.Web.Http.Tracing.ITraceWriterExtensions+<>c__DisplayClass7

2018-11-17 19:06:16.9126|INFO|ProjectManager.Utils.LoggingUtility|Operation Result Format: JSON
Request ID: 80000013-0000-ff00-b63f-84710c7967bb
Method: GET
URL: http://localhost:49859/api/project
Controller : ProjectManager.Controllers.ProjectController
Action : RetrieveProjects
Action Parameters : System.Web.Http.Tracing.ITraceWriterExtensions+<>c__DisplayClass7

2018-11-17 19:07:07.8209|INFO|ProjectManager.Utils.LoggingUtility|Operation Result Format: JSON
Request ID: 80000037-0001-fb00-b63f-84710c7967bb
Method: GET
URL: http://localhost:49859/api/task?projectId=2
Controller : ProjectManager.Controllers.TaskController
Action : RetrieveTaskByProjectId
Action Parameters : System.Web.Http.Tracing.ITraceWriterExtensions+<>c__DisplayClass7

2018-11-17 19:07:07.8209|INFO|ProjectManager.Utils.LoggingUtility|Operation Result Format: JSON
Request ID: 80000037-0001-fb00-b63f-84710c7967bb
Method: GET
URL: http://localhost:49859/api/task?projectId=2
Controller : ProjectManager.Controllers.TaskController
Action : RetrieveTaskByProjectId
Action Parameters : System.Web.Http.Tracing.ITraceWriterExtensions+<>c__DisplayClass7

2018-11-17 19:07:22.6291|INFO|ProjectManager.Utils.LoggingUtility|Operation Result Format: JSON
Request ID: 80000039-0001-fb00-b63f-84710c7967bb
Method: POST
URL: http://localhost:49859/api/task/delete
Controller : ProjectManager.Controllers.TaskController
Action : DeleteTaskDetails
Action Parameters : System.Web.Http.Tracing.ITraceWriterExtensions+<>c__DisplayClass7

2018-11-17 19:07:22.6291|INFO|ProjectManager.Utils.LoggingUtility|Operation Result Format: JSON
Request ID: 80000039-0001-fb00-b63f-84710c7967bb
Method: POST
URL: http://localhost:49859/api/task/delete
Controller : ProjectManager.Controllers.TaskController
Action : DeleteTaskDetails
Action Parameters : System.Web.Http.Tracing.ITraceWriterExtensions+<>c__DisplayClass7

2018-11-17 19:09:04.0542|INFO|ProjectManager.Utils.LoggingUtility|Operation Result Format: JSON
Request ID: 8000000c-0002-fc00-b63f-84710c7967bb
Method: GET
URL: http://localhost:49859/api/project
Controller : ProjectManager.Controllers.ProjectController
Action : RetrieveProjects
Action Parameters : System.Web.Http.Tracing.ITraceWriterExtensions+<>c__DisplayClass7

2018-11-17 19:09:04.0542|INFO|ProjectManager.Utils.LoggingUtility|Operation Result Format: JSON
Request ID: 8000000c-0002-fc00-b63f-84710c7967bb
Method: GET
URL: http://localhost:49859/api/project
Controller : ProjectManager.Controllers.ProjectController
Action : RetrieveProjects
Action Parameters : System.Web.Http.Tracing.ITraceWriterExtensions+<>c__DisplayClass7

2018-11-17 19:09:14.7480|INFO|ProjectManager.Utils.LoggingUtility|Operation Result Format: JSON
Request ID: 80000015-0000-ff00-b63f-84710c7967bb
Method: GET
URL: http://localhost:49859/api/task?projectId=2
Controller : ProjectManager.Controllers.TaskController
Action : RetrieveTaskByProjectId
Action Parameters : System.Web.Http.Tracing.ITraceWriterExtensions+<>c__DisplayClass7

2018-11-17 19:09:14.7480|INFO|ProjectManager.Utils.LoggingUtility|Operation Result Format: JSON
Request ID: 80000015-0000-ff00-b63f-84710c7967bb
Method: GET
URL: http://localhost:49859/api/task?projectId=2
Controller : ProjectManager.Controllers.TaskController
Action : RetrieveTaskByProjectId
Action Parameters : System.Web.Http.Tracing.ITraceWriterExtensions+<>c__DisplayClass7

2018-11-17 19:09:25.6602|INFO|ProjectManager.Utils.LoggingUtility|Operation Result Format: JSON
Request ID: 80000017-0000-ff00-b63f-84710c7967bb
Method: GET
URL: http://localhost:49859/api/task?projectId=3
Controller : ProjectManager.Controllers.TaskController
Action : RetrieveTaskByProjectId
Action Parameters : System.Web.Http.Tracing.ITraceWriterExtensions+<>c__DisplayClass7

2018-11-17 19:09:25.6602|INFO|ProjectManager.Utils.LoggingUtility|Operation Result Format: JSON
Request ID: 80000017-0000-ff00-b63f-84710c7967bb
Method: GET
URL: http://localhost:49859/api/task?projectId=3
Controller : ProjectManager.Controllers.TaskController
Action : RetrieveTaskByProjectId
Action Parameters : System.Web.Http.Tracing.ITraceWriterExtensions+<>c__DisplayClass7

2018-11-17 19:09:32.1123|INFO|ProjectManager.Utils.LoggingUtility|Operation Result Format: JSON
Request ID: 80000019-0000-ff00-b63f-84710c7967bb
Method: GET
URL: http://localhost:49859/api/task?projectId=3
Controller : ProjectManager.Controllers.TaskController
Action : RetrieveTaskByProjectId
Action Parameters : System.Web.Http.Tracing.ITraceWriterExtensions+<>c__DisplayClass7

2018-11-17 19:09:32.1123|INFO|ProjectManager.Utils.LoggingUtility|Operation Result Format: JSON
Request ID: 80000019-0000-ff00-b63f-84710c7967bb
Method: GET
URL: http://localhost:49859/api/task?projectId=3
Controller : ProjectManager.Controllers.TaskController
Action : RetrieveTaskByProjectId
Action Parameters : System.Web.Http.Tracing.ITraceWriterExtensions+<>c__DisplayClass7

2018-11-17 19:09:56.8029|INFO|ProjectManager.Utils.LoggingUtility|Operation Result Format: JSON
Request ID: 8000001b-0000-ff00-b63f-84710c7967bb
Method: GET
URL: http://localhost:49859/api/task?projectId=3
Controller : ProjectManager.Controllers.TaskController
Action : RetrieveTaskByProjectId
Action Parameters : System.Web.Http.Tracing.ITraceWriterExtensions+<>c__DisplayClass7

2018-11-17 19:09:56.8029|INFO|ProjectManager.Utils.LoggingUtility|Operation Result Format: JSON
Request ID: 8000001b-0000-ff00-b63f-84710c7967bb
Method: GET
URL: http://localhost:49859/api/task?projectId=3
Controller : ProjectManager.Controllers.TaskController
Action : RetrieveTaskByProjectId
Action Parameters : System.Web.Http.Tracing.ITraceWriterExtensions+<>c__DisplayClass7

2018-11-17 19:10:05.7263|INFO|ProjectManager.Utils.LoggingUtility|Operation Result Format: JSON
Request ID: 8000003b-0001-fb00-b63f-84710c7967bb
Method: GET
URL: http://localhost:49859/api/task?projectId=3
Controller : ProjectManager.Controllers.TaskController
Action : RetrieveTaskByProjectId
Action Parameters : System.Web.Http.Tracing.ITraceWriterExtensions+<>c__DisplayClass7

2018-11-17 19:10:05.7263|INFO|ProjectManager.Utils.LoggingUtility|Operation Result Format: JSON
Request ID: 8000003b-0001-fb00-b63f-84710c7967bb
Method: GET
URL: http://localhost:49859/api/task?projectId=3
Controller : ProjectManager.Controllers.TaskController
Action : RetrieveTaskByProjectId
Action Parameters : System.Web.Http.Tracing.ITraceWriterExtensions+<>c__DisplayClass7

2018-11-17 19:10:16.2523|INFO|ProjectManager.Utils.LoggingUtility|Operation Result Format: JSON
Request ID: 8000001d-0000-ff00-b63f-84710c7967bb
Method: GET
URL: http://localhost:49859/api/task?projectId=2
Controller : ProjectManager.Controllers.TaskController
Action : RetrieveTaskByProjectId
Action Parameters : System.Web.Http.Tracing.ITraceWriterExtensions+<>c__DisplayClass7

2018-11-17 19:10:16.2523|INFO|ProjectManager.Utils.LoggingUtility|Operation Result Format: JSON
Request ID: 8000001d-0000-ff00-b63f-84710c7967bb
Method: GET
URL: http://localhost:49859/api/task?projectId=2
Controller : ProjectManager.Controllers.TaskController
Action : RetrieveTaskByProjectId
Action Parameters : System.Web.Http.Tracing.ITraceWriterExtensions+<>c__DisplayClass7

2018-11-17 19:13:49.6450|INFO|ProjectManager.Utils.LoggingUtility|Operation Result Format: JSON
Request ID: 80000019-0003-f700-b63f-84710c7967bb
Method: GET
URL: http://localhost:49859/api/project
Controller : ProjectManager.Controllers.ProjectController
Action : RetrieveProjects
Action Parameters : System.Web.Http.Tracing.ITraceWriterExtensions+<>c__DisplayClass7

2018-11-17 19:13:49.7100|INFO|ProjectManager.Utils.LoggingUtility|Operation Result Format: JSON
Request ID: 80000019-0003-f700-b63f-84710c7967bb
Method: GET
URL: http://localhost:49859/api/project
Controller : ProjectManager.Controllers.ProjectController
Action : RetrieveProjects
Action Parameters : System.Web.Http.Tracing.ITraceWriterExtensions+<>c__DisplayClass7

2018-11-17 19:14:02.2064|INFO|ProjectManager.Utils.LoggingUtility|Operation Result Format: JSON
Request ID: 80000029-0002-fe00-b63f-84710c7967bb
Method: GET
URL: http://localhost:49859/api/task?projectId=2
Controller : ProjectManager.Controllers.TaskController
Action : RetrieveTaskByProjectId
Action Parameters : System.Web.Http.Tracing.ITraceWriterExtensions+<>c__DisplayClass7

2018-11-17 19:14:02.2064|INFO|ProjectManager.Utils.LoggingUtility|Operation Result Format: JSON
Request ID: 80000029-0002-fe00-b63f-84710c7967bb
Method: GET
URL: http://localhost:49859/api/task?projectId=2
Controller : ProjectManager.Controllers.TaskController
Action : RetrieveTaskByProjectId
Action Parameters : System.Web.Http.Tracing.ITraceWriterExtensions+<>c__DisplayClass7

2018-11-17 19:16:46.7247|INFO|ProjectManager.Utils.LoggingUtility|Operation Result Format: JSON
Request ID: 80000013-0000-fe00-b63f-84710c7967bb
Method: GET
URL: http://localhost:49859/api/project
Controller : ProjectManager.Controllers.ProjectController
Action : RetrieveProjects
Action Parameters : System.Web.Http.Tracing.ITraceWriterExtensions+<>c__DisplayClass7

2018-11-17 19:16:46.7807|INFO|ProjectManager.Utils.LoggingUtility|Operation Result Format: JSON
Request ID: 80000013-0000-fe00-b63f-84710c7967bb
Method: GET
URL: http://localhost:49859/api/project
Controller : ProjectManager.Controllers.ProjectController
Action : RetrieveProjects
Action Parameters : System.Web.Http.Tracing.ITraceWriterExtensions+<>c__DisplayClass7

2018-11-17 19:16:53.9287|INFO|ProjectManager.Utils.LoggingUtility|Operation Result Format: JSON
Request ID: 80000015-0000-fe00-b63f-84710c7967bb
Method: GET
URL: http://localhost:49859/api/task?projectId=2
Controller : ProjectManager.Controllers.TaskController
Action : RetrieveTaskByProjectId
Action Parameters : System.Web.Http.Tracing.ITraceWriterExtensions+<>c__DisplayClass7

2018-11-17 19:16:53.9287|INFO|ProjectManager.Utils.LoggingUtility|Operation Result Format: JSON
Request ID: 80000015-0000-fe00-b63f-84710c7967bb
Method: GET
URL: http://localhost:49859/api/task?projectId=2
Controller : ProjectManager.Controllers.TaskController
Action : RetrieveTaskByProjectId
Action Parameters : System.Web.Http.Tracing.ITraceWriterExtensions+<>c__DisplayClass7

2018-11-17 19:17:01.6047|INFO|ProjectManager.Utils.LoggingUtility|Operation Result Format: JSON
Request ID: 80000040-0001-fb00-b63f-84710c7967bb
Method: GET
URL: http://localhost:49859/api/task?projectId=3
Controller : ProjectManager.Controllers.TaskController
Action : RetrieveTaskByProjectId
Action Parameters : System.Web.Http.Tracing.ITraceWriterExtensions+<>c__DisplayClass7

2018-11-17 19:17:01.6047|INFO|ProjectManager.Utils.LoggingUtility|Operation Result Format: JSON
Request ID: 80000040-0001-fb00-b63f-84710c7967bb
Method: GET
URL: http://localhost:49859/api/task?projectId=3
Controller : ProjectManager.Controllers.TaskController
Action : RetrieveTaskByProjectId
Action Parameters : System.Web.Http.Tracing.ITraceWriterExtensions+<>c__DisplayClass7

2018-11-17 19:18:11.2212|INFO|ProjectManager.Utils.LoggingUtility|Operation Result Format: JSON
Request ID: 80000013-0003-f800-b63f-84710c7967bb
Method: GET
URL: http://localhost:49859/api/project
Controller : ProjectManager.Controllers.ProjectController
Action : RetrieveProjects
Action Parameters : System.Web.Http.Tracing.ITraceWriterExtensions+<>c__DisplayClass7

2018-11-17 19:18:11.2212|INFO|ProjectManager.Utils.LoggingUtility|Operation Result Format: JSON
Request ID: 80000013-0003-f800-b63f-84710c7967bb
Method: GET
URL: http://localhost:49859/api/project
Controller : ProjectManager.Controllers.ProjectController
Action : RetrieveProjects
Action Parameters : System.Web.Http.Tracing.ITraceWriterExtensions+<>c__DisplayClass7

2018-11-17 19:18:11.2212|INFO|ProjectManager.Utils.LoggingUtility|Operation Result Format: JSON
Request ID: 8000001b-0003-f700-b63f-84710c7967bb
Method: GET
URL: http://localhost:49859/api/user
Controller : ProjectManager.Controllers.UserController
Action : GetUser
Action Parameters : System.Web.Http.Tracing.ITraceWriterExtensions+<>c__DisplayClass7

2018-11-17 19:18:11.2422|INFO|ProjectManager.Utils.LoggingUtility|Operation Result Format: JSON
Request ID: 8000001b-0003-f700-b63f-84710c7967bb
Method: GET
URL: http://localhost:49859/api/user
Controller : ProjectManager.Controllers.UserController
Action : GetUser
Action Parameters : System.Web.Http.Tracing.ITraceWriterExtensions+<>c__DisplayClass7

2018-11-17 19:18:23.4367|INFO|ProjectManager.Utils.LoggingUtility|Operation Result Format: JSON
Request ID: 8000002b-0002-fe00-b63f-84710c7967bb
Method: POST
URL: http://localhost:49859/api/project/update
Controller : ProjectManager.Controllers.ProjectController
Action : UpdateProjectDetails
Action Parameters : System.Web.Http.Tracing.ITraceWriterExtensions+<>c__DisplayClass7

2018-11-17 19:18:23.4397|INFO|ProjectManager.Utils.LoggingUtility|Operation Result Format: JSON
Request ID: 8000002b-0002-fe00-b63f-84710c7967bb
Method: POST
URL: http://localhost:49859/api/project/update
Controller : ProjectManager.Controllers.ProjectController
Action : UpdateProjectDetails
Action Parameters : System.Web.Http.Tracing.ITraceWriterExtensions+<>c__DisplayClass7

2018-11-17 19:18:23.8277|INFO|ProjectManager.Utils.LoggingUtility|Operation Result Format: JSON
Request ID: 8000002d-0002-fe00-b63f-84710c7967bb
Method: GET
URL: http://localhost:49859/api/user
Controller : ProjectManager.Controllers.UserController
Action : GetUser
Action Parameters : System.Web.Http.Tracing.ITraceWriterExtensions+<>c__DisplayClass7

2018-11-17 19:18:23.8327|INFO|ProjectManager.Utils.LoggingUtility|Operation Result Format: JSON
Request ID: 8000002d-0002-fe00-b63f-84710c7967bb
Method: GET
URL: http://localhost:49859/api/user
Controller : ProjectManager.Controllers.UserController
Action : GetUser
Action Parameters : System.Web.Http.Tracing.ITraceWriterExtensions+<>c__DisplayClass7

2018-11-17 19:18:24.1342|INFO|ProjectManager.Utils.LoggingUtility|Operation Result Format: JSON
Request ID: 8000002f-0002-fe00-b63f-84710c7967bb
Method: GET
URL: http://localhost:49859/api/project
Controller : ProjectManager.Controllers.ProjectController
Action : RetrieveProjects
Action Parameters : System.Web.Http.Tracing.ITraceWriterExtensions+<>c__DisplayClass7

2018-11-17 19:18:24.1342|INFO|ProjectManager.Utils.LoggingUtility|Operation Result Format: JSON
Request ID: 8000002f-0002-fe00-b63f-84710c7967bb
Method: GET
URL: http://localhost:49859/api/project
Controller : ProjectManager.Controllers.ProjectController
Action : RetrieveProjects
Action Parameters : System.Web.Http.Tracing.ITraceWriterExtensions+<>c__DisplayClass7

2018-11-17 19:18:38.5570|INFO|ProjectManager.Utils.LoggingUtility|Operation Result Format: JSON
Request ID: 80000017-0000-fe00-b63f-84710c7967bb
Method: GET
URL: http://localhost:49859/api/user
Controller : ProjectManager.Controllers.UserController
Action : GetUser
Action Parameters : System.Web.Http.Tracing.ITraceWriterExtensions+<>c__DisplayClass7

2018-11-17 19:18:38.5570|INFO|ProjectManager.Utils.LoggingUtility|Operation Result Format: JSON
Request ID: 8000001d-0003-f700-b63f-84710c7967bb
Method: GET
URL: http://localhost:49859/api/project
Controller : ProjectManager.Controllers.ProjectController
Action : RetrieveProjects
Action Parameters : System.Web.Http.Tracing.ITraceWriterExtensions+<>c__DisplayClass7

2018-11-17 19:18:38.5570|INFO|ProjectManager.Utils.LoggingUtility|Operation Result Format: JSON
Request ID: 8000001d-0003-f700-b63f-84710c7967bb
Method: GET
URL: http://localhost:49859/api/project
Controller : ProjectManager.Controllers.ProjectController
Action : RetrieveProjects
Action Parameters : System.Web.Http.Tracing.ITraceWriterExtensions+<>c__DisplayClass7

2018-11-17 19:18:38.5570|INFO|ProjectManager.Utils.LoggingUtility|Operation Result Format: JSON
Request ID: 80000017-0000-fe00-b63f-84710c7967bb
Method: GET
URL: http://localhost:49859/api/user
Controller : ProjectManager.Controllers.UserController
Action : GetUser
Action Parameters : System.Web.Http.Tracing.ITraceWriterExtensions+<>c__DisplayClass7

2018-11-17 19:24:01.9725|INFO|ProjectManager.Utils.LoggingUtility|Operation Result Format: JSON
Request ID: 80000015-0003-f800-b63f-84710c7967bb
Method: GET
URL: http://localhost:49859/api/user
Controller : ProjectManager.Controllers.UserController
Action : GetUser
Action Parameters : System.Web.Http.Tracing.ITraceWriterExtensions+<>c__DisplayClass7

2018-11-17 19:24:01.9725|INFO|ProjectManager.Utils.LoggingUtility|Operation Result Format: JSON
Request ID: 80000029-0000-fd00-b63f-84710c7967bb
Method: GET
URL: http://localhost:49859/api/project
Controller : ProjectManager.Controllers.ProjectController
Action : RetrieveProjects
Action Parameters : System.Web.Http.Tracing.ITraceWriterExtensions+<>c__DisplayClass7

2018-11-17 19:24:02.0255|INFO|ProjectManager.Utils.LoggingUtility|Operation Result Format: JSON
Request ID: 80000015-0003-f800-b63f-84710c7967bb
Method: GET
URL: http://localhost:49859/api/user
Controller : ProjectManager.Controllers.UserController
Action : GetUser
Action Parameters : System.Web.Http.Tracing.ITraceWriterExtensions+<>c__DisplayClass7

2018-11-17 19:24:02.0255|INFO|ProjectManager.Utils.LoggingUtility|Operation Result Format: JSON
Request ID: 80000029-0000-fd00-b63f-84710c7967bb
Method: GET
URL: http://localhost:49859/api/project
Controller : ProjectManager.Controllers.ProjectController
Action : RetrieveProjects
Action Parameters : System.Web.Http.Tracing.ITraceWriterExtensions+<>c__DisplayClass7

