2018-11-11 11:14:57.7286|INFO|ProjectManager.Utils.LoggingUtility|Operation Result Format: JSON
Request ID: 80000002-0003-fe00-b63f-84710c7967bb
Method: GET
URL: http://localhost:49859/api/user
Controller : ProjectManager.Controllers.UserController
Action : GetUser
Action Parameters : System.Web.Http.Tracing.ITraceWriterExtensions+<>c__DisplayClass7

2018-11-11 11:14:57.7856|INFO|ProjectManager.Utils.LoggingUtility|Operation Result Format: JSON
Request ID: 80000002-0003-fe00-b63f-84710c7967bb
Method: GET
URL: http://localhost:49859/api/user
Controller : ProjectManager.Controllers.UserController
Action : GetUser
Action Parameters : System.Web.Http.Tracing.ITraceWriterExtensions+<>c__DisplayClass7

2018-11-11 11:21:53.3038|INFO|ProjectManager.Utils.LoggingUtility|Operation Result Format: JSON
Request ID: 80000002-0002-f500-b63f-84710c7967bb
Method: GET
URL: http://localhost:49859/api/user
Controller : ProjectManager.Controllers.UserController
Action : GetUser
Action Parameters : System.Web.Http.Tracing.ITraceWriterExtensions+<>c__DisplayClass7

2018-11-11 11:21:53.3518|INFO|ProjectManager.Utils.LoggingUtility|Operation Result Format: JSON
Request ID: 80000002-0002-f500-b63f-84710c7967bb
Method: GET
URL: http://localhost:49859/api/user
Controller : ProjectManager.Controllers.UserController
Action : GetUser
Action Parameters : System.Web.Http.Tracing.ITraceWriterExtensions+<>c__DisplayClass7

2018-11-11 11:22:19.8466|INFO|ProjectManager.Utils.LoggingUtility|Operation Result Format: JSON
Request ID: 80000002-0000-fd00-b63f-84710c7967bb
Method: POST
URL: http://localhost:49859/api/user/add
Controller : ProjectManager.Controllers.UserController
Action : InsertUserDetails
Action Parameters : System.Web.Http.Tracing.ITraceWriterExtensions+<>c__DisplayClass7

2018-11-11 11:22:20.1186|INFO|ProjectManager.Utils.LoggingUtility|Operation Result Format: JSON
Request ID: 80000004-0000-fd00-b63f-84710c7967bb
Method: GET
URL: http://localhost:49859/api/user
Controller : ProjectManager.Controllers.UserController
Action : GetUser
Action Parameters : System.Web.Http.Tracing.ITraceWriterExtensions+<>c__DisplayClass7

2018-11-11 11:22:20.1186|INFO|ProjectManager.Utils.LoggingUtility|Operation Result Format: JSON
Request ID: 80000004-0000-fd00-b63f-84710c7967bb
Method: GET
URL: http://localhost:49859/api/user
Controller : ProjectManager.Controllers.UserController
Action : GetUser
Action Parameters : System.Web.Http.Tracing.ITraceWriterExtensions+<>c__DisplayClass7

2018-11-11 11:30:08.4243|INFO|ProjectManager.Utils.LoggingUtility|Operation Result Format: JSON
Request ID: 80000005-0003-ff00-b63f-84710c7967bb
Method: GET
URL: http://localhost:49859/api/user
Controller : ProjectManager.Controllers.UserController
Action : GetUser
Action Parameters : System.Web.Http.Tracing.ITraceWriterExtensions+<>c__DisplayClass7

2018-11-11 11:30:08.4793|INFO|ProjectManager.Utils.LoggingUtility|Operation Result Format: JSON
Request ID: 80000005-0003-ff00-b63f-84710c7967bb
Method: GET
URL: http://localhost:49859/api/user
Controller : ProjectManager.Controllers.UserController
Action : GetUser
Action Parameters : System.Web.Http.Tracing.ITraceWriterExtensions+<>c__DisplayClass7

2018-11-11 11:30:19.9696|INFO|ProjectManager.Utils.LoggingUtility|Operation Result Format: JSON
Request ID: 80000002-0002-f400-b63f-84710c7967bb
Method: POST
URL: http://localhost:49859/api/user/update
Controller : ProjectManager.Controllers.UserController
Action : UpdateUserDetails
Action Parameters : System.Web.Http.Tracing.ITraceWriterExtensions+<>c__DisplayClass7

2018-11-11 11:35:07.9100|INFO|ProjectManager.Utils.LoggingUtility|Operation Result Format: JSON
Request ID: 80000005-0000-fe00-b63f-84710c7967bb
Method: GET
URL: http://localhost:49859/api/user
Controller : ProjectManager.Controllers.UserController
Action : GetUser
Action Parameters : System.Web.Http.Tracing.ITraceWriterExtensions+<>c__DisplayClass7

2018-11-11 11:35:07.9670|INFO|ProjectManager.Utils.LoggingUtility|Operation Result Format: JSON
Request ID: 80000005-0000-fe00-b63f-84710c7967bb
Method: GET
URL: http://localhost:49859/api/user
Controller : ProjectManager.Controllers.UserController
Action : GetUser
Action Parameters : System.Web.Http.Tracing.ITraceWriterExtensions+<>c__DisplayClass7

2018-11-11 11:35:33.1603|INFO|ProjectManager.Utils.LoggingUtility|Operation Result Format: JSON
Request ID: 80000007-0003-ff00-b63f-84710c7967bb
Method: GET
URL: http://localhost:49859/api/user
Controller : ProjectManager.Controllers.UserController
Action : GetUser
Action Parameters : System.Web.Http.Tracing.ITraceWriterExtensions+<>c__DisplayClass7

2018-11-11 11:35:33.1603|INFO|ProjectManager.Utils.LoggingUtility|Operation Result Format: JSON
Request ID: 80000007-0003-ff00-b63f-84710c7967bb
Method: GET
URL: http://localhost:49859/api/user
Controller : ProjectManager.Controllers.UserController
Action : GetUser
Action Parameters : System.Web.Http.Tracing.ITraceWriterExtensions+<>c__DisplayClass7

2018-11-11 11:37:11.3011|INFO|ProjectManager.Utils.LoggingUtility|Operation Result Format: JSON
Request ID: 80000009-0003-ff00-b63f-84710c7967bb
Method: POST
URL: http://localhost:49859/api/user/update
Controller : ProjectManager.Controllers.UserController
Action : UpdateUserDetails
Action Parameters : System.Web.Http.Tracing.ITraceWriterExtensions+<>c__DisplayClass7

2018-11-11 11:37:37.2433|INFO|ProjectManager.Utils.LoggingUtility|Request ID: 80000009-0003-ff00-b63f-84710c7967bb
Method: POST
URL: http://localhost:49859/api/user/update
Controller : ProjectManager.Controllers.UserController
Action : UpdateUserDetails
Action Parameters : System.Web.Http.Tracing.ITraceWriterExtensions+<>c__DisplayClass1
Error: Sequence contains no elements


2018-11-11 11:38:10.6814|INFO|ProjectManager.Utils.LoggingUtility|Operation Result Format: JSON
Request ID: 80000002-0001-fc00-b63f-84710c7967bb
Method: GET
URL: http://localhost:49859/api/user
Controller : ProjectManager.Controllers.UserController
Action : GetUser
Action Parameters : System.Web.Http.Tracing.ITraceWriterExtensions+<>c__DisplayClass7

2018-11-11 11:38:10.6864|INFO|ProjectManager.Utils.LoggingUtility|Operation Result Format: JSON
Request ID: 80000002-0001-fc00-b63f-84710c7967bb
Method: GET
URL: http://localhost:49859/api/user
Controller : ProjectManager.Controllers.UserController
Action : GetUser
Action Parameters : System.Web.Http.Tracing.ITraceWriterExtensions+<>c__DisplayClass7

2018-11-11 11:38:42.1190|INFO|ProjectManager.Utils.LoggingUtility|Operation Result Format: JSON
Request ID: 80000004-0002-f400-b63f-84710c7967bb
Method: GET
URL: http://localhost:49859/api/user
Controller : ProjectManager.Controllers.UserController
Action : GetUser
Action Parameters : System.Web.Http.Tracing.ITraceWriterExtensions+<>c__DisplayClass7

2018-11-11 11:38:42.1250|INFO|ProjectManager.Utils.LoggingUtility|Operation Result Format: JSON
Request ID: 80000004-0002-f400-b63f-84710c7967bb
Method: GET
URL: http://localhost:49859/api/user
Controller : ProjectManager.Controllers.UserController
Action : GetUser
Action Parameters : System.Web.Http.Tracing.ITraceWriterExtensions+<>c__DisplayClass7

2018-11-11 11:41:08.9812|INFO|ProjectManager.Utils.LoggingUtility|Operation Result Format: JSON
Request ID: 8000000b-0003-ff00-b63f-84710c7967bb
Method: POST
URL: http://localhost:49859/api/user/update
Controller : ProjectManager.Controllers.UserController
Action : UpdateUserDetails
Action Parameters : System.Web.Http.Tracing.ITraceWriterExtensions+<>c__DisplayClass7

2018-11-11 11:41:17.4833|INFO|ProjectManager.Utils.LoggingUtility|Operation Result Format: JSON
Request ID: 80000005-0001-fd00-b63f-84710c7967bb
Method: GET
URL: http://localhost:49859/api/user
Controller : ProjectManager.Controllers.UserController
Action : GetUser
Action Parameters : System.Web.Http.Tracing.ITraceWriterExtensions+<>c__DisplayClass7

2018-11-11 11:41:17.4833|INFO|ProjectManager.Utils.LoggingUtility|Operation Result Format: JSON
Request ID: 80000005-0001-fd00-b63f-84710c7967bb
Method: GET
URL: http://localhost:49859/api/user
Controller : ProjectManager.Controllers.UserController
Action : GetUser
Action Parameters : System.Web.Http.Tracing.ITraceWriterExtensions+<>c__DisplayClass7

2018-11-11 11:41:35.4068|INFO|ProjectManager.Utils.LoggingUtility|Operation Result Format: JSON
Request ID: 80000008-0000-ff00-b63f-84710c7967bb
Method: POST
URL: http://localhost:49859/api/user/delete
Controller : ProjectManager.Controllers.UserController
Action : DeleteUserDetails
Action Parameters : System.Web.Http.Tracing.ITraceWriterExtensions+<>c__DisplayClass7

2018-11-11 11:41:35.6528|INFO|ProjectManager.Utils.LoggingUtility|Operation Result Format: JSON
Request ID: 80000006-0002-f400-b63f-84710c7967bb
Method: GET
URL: http://localhost:49859/api/user
Controller : ProjectManager.Controllers.UserController
Action : GetUser
Action Parameters : System.Web.Http.Tracing.ITraceWriterExtensions+<>c__DisplayClass7

2018-11-11 11:41:35.6538|INFO|ProjectManager.Utils.LoggingUtility|Operation Result Format: JSON
Request ID: 80000006-0002-f400-b63f-84710c7967bb
Method: GET
URL: http://localhost:49859/api/user
Controller : ProjectManager.Controllers.UserController
Action : GetUser
Action Parameters : System.Web.Http.Tracing.ITraceWriterExtensions+<>c__DisplayClass7

2018-11-11 12:02:21.9995|INFO|ProjectManager.Utils.LoggingUtility|Operation Result Format: JSON
Request ID: 80000006-0000-fd00-b63f-84710c7967bb
Method: GET
URL: http://localhost:49859/api/project
Controller : ProjectManager.Controllers.ProjectController
Action : RetrieveProjects
Action Parameters : System.Web.Http.Tracing.ITraceWriterExtensions+<>c__DisplayClass7

2018-11-11 12:02:22.0655|INFO|ProjectManager.Utils.LoggingUtility|Operation Result Format: JSON
Request ID: 80000006-0000-fd00-b63f-84710c7967bb
Method: GET
URL: http://localhost:49859/api/project
Controller : ProjectManager.Controllers.ProjectController
Action : RetrieveProjects
Action Parameters : System.Web.Http.Tracing.ITraceWriterExtensions+<>c__DisplayClass7

2018-11-11 12:04:55.2570|INFO|ProjectManager.Utils.LoggingUtility|Operation Result Format: JSON
Request ID: 8000000c-0001-ff00-b63f-84710c7967bb
Method: GET
URL: http://localhost:49859/api/project
Controller : ProjectManager.Controllers.ProjectController
Action : RetrieveProjects
Action Parameters : System.Web.Http.Tracing.ITraceWriterExtensions+<>c__DisplayClass7

2018-11-11 12:04:55.2680|INFO|ProjectManager.Utils.LoggingUtility|Operation Result Format: JSON
Request ID: 8000000c-0001-ff00-b63f-84710c7967bb
Method: GET
URL: http://localhost:49859/api/project
Controller : ProjectManager.Controllers.ProjectController
Action : RetrieveProjects
Action Parameters : System.Web.Http.Tracing.ITraceWriterExtensions+<>c__DisplayClass7

2018-11-11 12:05:15.1297|INFO|ProjectManager.Utils.LoggingUtility|Operation Result Format: JSON
Request ID: 80000008-0000-fd00-b63f-84710c7967bb
Method: GET
URL: http://localhost:49859/api/project
Controller : ProjectManager.Controllers.ProjectController
Action : RetrieveProjects
Action Parameters : System.Web.Http.Tracing.ITraceWriterExtensions+<>c__DisplayClass7

2018-11-11 12:05:15.1297|INFO|ProjectManager.Utils.LoggingUtility|Operation Result Format: JSON
Request ID: 80000008-0000-fd00-b63f-84710c7967bb
Method: GET
URL: http://localhost:49859/api/project
Controller : ProjectManager.Controllers.ProjectController
Action : RetrieveProjects
Action Parameters : System.Web.Http.Tracing.ITraceWriterExtensions+<>c__DisplayClass7

2018-11-11 12:06:08.7932|INFO|ProjectManager.Utils.LoggingUtility|Operation Result Format: JSON
Request ID: 8000000e-0001-ff00-b63f-84710c7967bb
Method: GET
URL: http://localhost:49859/api/project
Controller : ProjectManager.Controllers.ProjectController
Action : RetrieveProjects
Action Parameters : System.Web.Http.Tracing.ITraceWriterExtensions+<>c__DisplayClass7

2018-11-11 12:06:08.7952|INFO|ProjectManager.Utils.LoggingUtility|Operation Result Format: JSON
Request ID: 8000000e-0001-ff00-b63f-84710c7967bb
Method: GET
URL: http://localhost:49859/api/project
Controller : ProjectManager.Controllers.ProjectController
Action : RetrieveProjects
Action Parameters : System.Web.Http.Tracing.ITraceWriterExtensions+<>c__DisplayClass7

2018-11-11 12:08:10.1451|INFO|ProjectManager.Utils.LoggingUtility|Operation Result Format: JSON
Request ID: 8000000a-0000-fd00-b63f-84710c7967bb
Method: GET
URL: http://localhost:49859/api/project
Controller : ProjectManager.Controllers.ProjectController
Action : RetrieveProjects
Action Parameters : System.Web.Http.Tracing.ITraceWriterExtensions+<>c__DisplayClass7

2018-11-11 12:08:10.1451|INFO|ProjectManager.Utils.LoggingUtility|Operation Result Format: JSON
Request ID: 8000000a-0000-fd00-b63f-84710c7967bb
Method: GET
URL: http://localhost:49859/api/project
Controller : ProjectManager.Controllers.ProjectController
Action : RetrieveProjects
Action Parameters : System.Web.Http.Tracing.ITraceWriterExtensions+<>c__DisplayClass7

2018-11-11 12:08:16.8350|INFO|ProjectManager.Utils.LoggingUtility|Operation Result Format: JSON
Request ID: 80000010-0001-ff00-b63f-84710c7967bb
Method: GET
URL: http://localhost:49859/api/user
Controller : ProjectManager.Controllers.UserController
Action : GetUser
Action Parameters : System.Web.Http.Tracing.ITraceWriterExtensions+<>c__DisplayClass7

2018-11-11 12:08:16.8350|INFO|ProjectManager.Utils.LoggingUtility|Operation Result Format: JSON
Request ID: 80000010-0001-ff00-b63f-84710c7967bb
Method: GET
URL: http://localhost:49859/api/user
Controller : ProjectManager.Controllers.UserController
Action : GetUser
Action Parameters : System.Web.Http.Tracing.ITraceWriterExtensions+<>c__DisplayClass7

2018-11-11 12:09:24.7910|INFO|ProjectManager.Utils.LoggingUtility|Operation Result Format: JSON
Request ID: 8000000c-0000-fd00-b63f-84710c7967bb
Method: GET
URL: http://localhost:49859/api/project
Controller : ProjectManager.Controllers.ProjectController
Action : RetrieveProjects
Action Parameters : System.Web.Http.Tracing.ITraceWriterExtensions+<>c__DisplayClass7

2018-11-11 12:09:24.7950|INFO|ProjectManager.Utils.LoggingUtility|Operation Result Format: JSON
Request ID: 8000000c-0000-fd00-b63f-84710c7967bb
Method: GET
URL: http://localhost:49859/api/project
Controller : ProjectManager.Controllers.ProjectController
Action : RetrieveProjects
Action Parameters : System.Web.Http.Tracing.ITraceWriterExtensions+<>c__DisplayClass7

2018-11-11 12:17:09.3906|INFO|ProjectManager.Utils.LoggingUtility|Operation Result Format: JSON
Request ID: 80000002-0002-f300-b63f-84710c7967bb
Method: GET
URL: http://localhost:49859/api/project
Controller : ProjectManager.Controllers.ProjectController
Action : RetrieveProjects
Action Parameters : System.Web.Http.Tracing.ITraceWriterExtensions+<>c__DisplayClass7

2018-11-11 12:17:09.4516|INFO|ProjectManager.Utils.LoggingUtility|Operation Result Format: JSON
Request ID: 80000002-0002-f300-b63f-84710c7967bb
Method: GET
URL: http://localhost:49859/api/project
Controller : ProjectManager.Controllers.ProjectController
Action : RetrieveProjects
Action Parameters : System.Web.Http.Tracing.ITraceWriterExtensions+<>c__DisplayClass7

2018-11-11 12:17:31.6178|INFO|ProjectManager.Utils.LoggingUtility|Operation Result Format: JSON
Request ID: 80000012-0001-ff00-b63f-84710c7967bb
Method: GET
URL: http://localhost:49859/api/user
Controller : ProjectManager.Controllers.UserController
Action : GetUser
Action Parameters : System.Web.Http.Tracing.ITraceWriterExtensions+<>c__DisplayClass7

2018-11-11 12:17:31.6178|INFO|ProjectManager.Utils.LoggingUtility|Operation Result Format: JSON
Request ID: 80000012-0001-ff00-b63f-84710c7967bb
Method: GET
URL: http://localhost:49859/api/user
Controller : ProjectManager.Controllers.UserController
Action : GetUser
Action Parameters : System.Web.Http.Tracing.ITraceWriterExtensions+<>c__DisplayClass7

2018-11-11 12:19:40.1088|INFO|ProjectManager.Utils.LoggingUtility|Operation Result Format: JSON
Request ID: 8000000b-0000-ff00-b63f-84710c7967bb
Method: GET
URL: http://localhost:49859/api/project
Controller : ProjectManager.Controllers.ProjectController
Action : RetrieveProjects
Action Parameters : System.Web.Http.Tracing.ITraceWriterExtensions+<>c__DisplayClass7

2018-11-11 12:19:40.1088|INFO|ProjectManager.Utils.LoggingUtility|Operation Result Format: JSON
Request ID: 8000000b-0000-ff00-b63f-84710c7967bb
Method: GET
URL: http://localhost:49859/api/project
Controller : ProjectManager.Controllers.ProjectController
Action : RetrieveProjects
Action Parameters : System.Web.Http.Tracing.ITraceWriterExtensions+<>c__DisplayClass7

2018-11-11 12:20:20.2323|INFO|ProjectManager.Utils.LoggingUtility|Operation Result Format: JSON
Request ID: 8000000d-0000-ff00-b63f-84710c7967bb
Method: GET
URL: http://localhost:49859/api/user
Controller : ProjectManager.Controllers.UserController
Action : GetUser
Action Parameters : System.Web.Http.Tracing.ITraceWriterExtensions+<>c__DisplayClass7

2018-11-11 12:20:20.2323|INFO|ProjectManager.Utils.LoggingUtility|Operation Result Format: JSON
Request ID: 8000000d-0000-ff00-b63f-84710c7967bb
Method: GET
URL: http://localhost:49859/api/user
Controller : ProjectManager.Controllers.UserController
Action : GetUser
Action Parameters : System.Web.Http.Tracing.ITraceWriterExtensions+<>c__DisplayClass7

2018-11-11 12:21:34.0684|INFO|ProjectManager.Utils.LoggingUtility|Operation Result Format: JSON
Request ID: 80000010-0003-ff00-b63f-84710c7967bb
Method: GET
URL: http://localhost:49859/api/project
Controller : ProjectManager.Controllers.ProjectController
Action : RetrieveProjects
Action Parameters : System.Web.Http.Tracing.ITraceWriterExtensions+<>c__DisplayClass7

2018-11-11 12:21:34.0684|INFO|ProjectManager.Utils.LoggingUtility|Operation Result Format: JSON
Request ID: 80000010-0003-ff00-b63f-84710c7967bb
Method: GET
URL: http://localhost:49859/api/project
Controller : ProjectManager.Controllers.ProjectController
Action : RetrieveProjects
Action Parameters : System.Web.Http.Tracing.ITraceWriterExtensions+<>c__DisplayClass7

2018-11-11 12:21:46.1412|INFO|ProjectManager.Utils.LoggingUtility|Operation Result Format: JSON
Request ID: 80000004-0002-f300-b63f-84710c7967bb
Method: GET
URL: http://localhost:49859/api/user
Controller : ProjectManager.Controllers.UserController
Action : GetUser
Action Parameters : System.Web.Http.Tracing.ITraceWriterExtensions+<>c__DisplayClass7

2018-11-11 12:21:46.1412|INFO|ProjectManager.Utils.LoggingUtility|Operation Result Format: JSON
Request ID: 80000004-0002-f300-b63f-84710c7967bb
Method: GET
URL: http://localhost:49859/api/user
Controller : ProjectManager.Controllers.UserController
Action : GetUser
Action Parameters : System.Web.Http.Tracing.ITraceWriterExtensions+<>c__DisplayClass7

2018-11-11 12:22:05.1025|INFO|ProjectManager.Utils.LoggingUtility|Operation Result Format: JSON
Request ID: 80000014-0001-ff00-b63f-84710c7967bb
Method: POST
URL: http://localhost:49859/api/project/add
Controller : ProjectManager.Controllers.ProjectController
Action : InsertProjectDetails
Action Parameters : System.Web.Http.Tracing.ITraceWriterExtensions+<>c__DisplayClass7

2018-11-11 12:22:05.1025|INFO|ProjectManager.Utils.LoggingUtility|Operation Result Format: JSON
Request ID: 80000014-0001-ff00-b63f-84710c7967bb
Method: POST
URL: http://localhost:49859/api/project/add
Controller : ProjectManager.Controllers.ProjectController
Action : InsertProjectDetails
Action Parameters : System.Web.Http.Tracing.ITraceWriterExtensions+<>c__DisplayClass7

2018-11-11 12:23:39.8092|INFO|ProjectManager.Utils.LoggingUtility|Operation Result Format: JSON
Request ID: 80000012-0003-ff00-b63f-84710c7967bb
Method: GET
URL: http://localhost:49859/api/user
Controller : ProjectManager.Controllers.UserController
Action : GetUser
Action Parameters : System.Web.Http.Tracing.ITraceWriterExtensions+<>c__DisplayClass7

2018-11-11 12:23:39.8121|INFO|ProjectManager.Utils.LoggingUtility|Operation Result Format: JSON
Request ID: 80000012-0003-ff00-b63f-84710c7967bb
Method: GET
URL: http://localhost:49859/api/user
Controller : ProjectManager.Controllers.UserController
Action : GetUser
Action Parameters : System.Web.Http.Tracing.ITraceWriterExtensions+<>c__DisplayClass7

2018-11-11 12:23:45.8222|INFO|ProjectManager.Utils.LoggingUtility|Operation Result Format: JSON
Request ID: 80000016-0001-ff00-b63f-84710c7967bb
Method: POST
URL: http://localhost:49859/api/project/add
Controller : ProjectManager.Controllers.ProjectController
Action : InsertProjectDetails
Action Parameters : System.Web.Http.Tracing.ITraceWriterExtensions+<>c__DisplayClass7

2018-11-11 12:23:45.8222|INFO|ProjectManager.Utils.LoggingUtility|Operation Result Format: JSON
Request ID: 80000016-0001-ff00-b63f-84710c7967bb
Method: POST
URL: http://localhost:49859/api/project/add
Controller : ProjectManager.Controllers.ProjectController
Action : InsertProjectDetails
Action Parameters : System.Web.Http.Tracing.ITraceWriterExtensions+<>c__DisplayClass7

2018-11-11 12:30:38.1239|INFO|ProjectManager.Utils.LoggingUtility|Operation Result Format: JSON
Request ID: 80000008-0000-fe00-b63f-84710c7967bb
Method: GET
URL: http://localhost:49859/api/project
Controller : ProjectManager.Controllers.ProjectController
Action : RetrieveProjects
Action Parameters : System.Web.Http.Tracing.ITraceWriterExtensions+<>c__DisplayClass7

2018-11-11 12:30:38.1239|INFO|ProjectManager.Utils.LoggingUtility|Operation Result Format: JSON
Request ID: 80000014-0003-ff00-b63f-84710c7967bb
Method: GET
URL: http://localhost:49859/api/project
Controller : ProjectManager.Controllers.ProjectController
Action : RetrieveProjects
Action Parameters : System.Web.Http.Tracing.ITraceWriterExtensions+<>c__DisplayClass7

2018-11-11 12:30:38.1239|INFO|ProjectManager.Utils.LoggingUtility|Operation Result Format: JSON
Request ID: 8000000e-0000-fd00-b63f-84710c7967bb
Method: GET
URL: http://localhost:49859/api/project
Controller : ProjectManager.Controllers.ProjectController
Action : RetrieveProjects
Action Parameters : System.Web.Http.Tracing.ITraceWriterExtensions+<>c__DisplayClass7

2018-11-11 12:30:38.1239|INFO|ProjectManager.Utils.LoggingUtility|Operation Result Format: JSON
Request ID: 80000002-0000-fc00-b63f-84710c7967bb
Method: GET
URL: http://localhost:49859/api/project
Controller : ProjectManager.Controllers.ProjectController
Action : RetrieveProjects
Action Parameters : System.Web.Http.Tracing.ITraceWriterExtensions+<>c__DisplayClass7

2018-11-11 12:30:38.2009|INFO|ProjectManager.Utils.LoggingUtility|Operation Result Format: JSON
Request ID: 80000002-0000-fc00-b63f-84710c7967bb
Method: GET
URL: http://localhost:49859/api/project
Controller : ProjectManager.Controllers.ProjectController
Action : RetrieveProjects
Action Parameters : System.Web.Http.Tracing.ITraceWriterExtensions+<>c__DisplayClass7

2018-11-11 12:30:38.2169|INFO|ProjectManager.Utils.LoggingUtility|Request ID: 8000000e-0000-fd00-b63f-84710c7967bb
Method: GET
URL: http://localhost:49859/api/project
Controller : ProjectManager.Controllers.ProjectController
Action : RetrieveProjects
Action Parameters : System.Web.Http.Tracing.ITraceWriterExtensions+<>c__DisplayClass1
Error: The operation was canceled.


2018-11-11 12:30:38.2169|INFO|ProjectManager.Utils.LoggingUtility|Request ID: 80000014-0003-ff00-b63f-84710c7967bb
Method: GET
URL: http://localhost:49859/api/project
Controller : ProjectManager.Controllers.ProjectController
Action : RetrieveProjects
Action Parameters : System.Web.Http.Tracing.ITraceWriterExtensions+<>c__DisplayClass1
Error: The operation was canceled.


2018-11-11 12:30:38.2169|INFO|ProjectManager.Utils.LoggingUtility|Request ID: 80000008-0000-fe00-b63f-84710c7967bb
Method: GET
URL: http://localhost:49859/api/project
Controller : ProjectManager.Controllers.ProjectController
Action : RetrieveProjects
Action Parameters : System.Web.Http.Tracing.ITraceWriterExtensions+<>c__DisplayClass1
Error: The operation was canceled.


2018-11-11 12:31:02.4785|INFO|ProjectManager.Utils.LoggingUtility|Operation Result Format: JSON
Request ID: 80000016-0003-ff00-b63f-84710c7967bb
Method: GET
URL: http://localhost:49859/api/user
Controller : ProjectManager.Controllers.UserController
Action : GetUser
Action Parameters : System.Web.Http.Tracing.ITraceWriterExtensions+<>c__DisplayClass7

2018-11-11 12:31:02.4785|INFO|ProjectManager.Utils.LoggingUtility|Operation Result Format: JSON
Request ID: 80000016-0003-ff00-b63f-84710c7967bb
Method: GET
URL: http://localhost:49859/api/user
Controller : ProjectManager.Controllers.UserController
Action : GetUser
Action Parameters : System.Web.Http.Tracing.ITraceWriterExtensions+<>c__DisplayClass7

2018-11-11 12:31:11.4425|INFO|ProjectManager.Utils.LoggingUtility|Operation Result Format: JSON
Request ID: 80000018-0003-ff00-b63f-84710c7967bb
Method: POST
URL: http://localhost:49859/api/project/add
Controller : ProjectManager.Controllers.ProjectController
Action : InsertProjectDetails
Action Parameters : System.Web.Http.Tracing.ITraceWriterExtensions+<>c__DisplayClass7

2018-11-11 12:31:11.4425|INFO|ProjectManager.Utils.LoggingUtility|Operation Result Format: JSON
Request ID: 80000018-0003-ff00-b63f-84710c7967bb
Method: POST
URL: http://localhost:49859/api/project/add
Controller : ProjectManager.Controllers.ProjectController
Action : InsertProjectDetails
Action Parameters : System.Web.Http.Tracing.ITraceWriterExtensions+<>c__DisplayClass7

2018-11-11 12:31:18.5784|INFO|ProjectManager.Utils.LoggingUtility|Operation Result Format: JSON
Request ID: 80000018-0001-ff00-b63f-84710c7967bb
Method: GET
URL: http://localhost:49859/api/project
Controller : ProjectManager.Controllers.ProjectController
Action : RetrieveProjects
Action Parameters : System.Web.Http.Tracing.ITraceWriterExtensions+<>c__DisplayClass7

2018-11-11 12:31:18.5784|INFO|ProjectManager.Utils.LoggingUtility|Operation Result Format: JSON
Request ID: 80000018-0001-ff00-b63f-84710c7967bb
Method: GET
URL: http://localhost:49859/api/project
Controller : ProjectManager.Controllers.ProjectController
Action : RetrieveProjects
Action Parameters : System.Web.Http.Tracing.ITraceWriterExtensions+<>c__DisplayClass7

2018-11-11 12:32:11.2232|INFO|ProjectManager.Utils.LoggingUtility|Operation Result Format: JSON
Request ID: 8000001a-0003-ff00-b63f-84710c7967bb
Method: GET
URL: http://localhost:49859/api/user
Controller : ProjectManager.Controllers.UserController
Action : GetUser
Action Parameters : System.Web.Http.Tracing.ITraceWriterExtensions+<>c__DisplayClass7

2018-11-11 12:32:11.2232|INFO|ProjectManager.Utils.LoggingUtility|Operation Result Format: JSON
Request ID: 8000001a-0003-ff00-b63f-84710c7967bb
Method: GET
URL: http://localhost:49859/api/user
Controller : ProjectManager.Controllers.UserController
Action : GetUser
Action Parameters : System.Web.Http.Tracing.ITraceWriterExtensions+<>c__DisplayClass7

2018-11-11 12:32:19.5282|INFO|ProjectManager.Utils.LoggingUtility|Operation Result Format: JSON
Request ID: 80000006-0002-f300-b63f-84710c7967bb
Method: POST
URL: http://localhost:49859/api/project/add
Controller : ProjectManager.Controllers.ProjectController
Action : InsertProjectDetails
Action Parameters : System.Web.Http.Tracing.ITraceWriterExtensions+<>c__DisplayClass7

2018-11-11 12:32:19.5292|INFO|ProjectManager.Utils.LoggingUtility|Operation Result Format: JSON
Request ID: 80000006-0002-f300-b63f-84710c7967bb
Method: POST
URL: http://localhost:49859/api/project/add
Controller : ProjectManager.Controllers.ProjectController
Action : InsertProjectDetails
Action Parameters : System.Web.Http.Tracing.ITraceWriterExtensions+<>c__DisplayClass7

2018-11-11 12:32:19.9182|INFO|ProjectManager.Utils.LoggingUtility|Operation Result Format: JSON
Request ID: 80000004-0000-fc00-b63f-84710c7967bb
Method: GET
URL: http://localhost:49859/api/project
Controller : ProjectManager.Controllers.ProjectController
Action : RetrieveProjects
Action Parameters : System.Web.Http.Tracing.ITraceWriterExtensions+<>c__DisplayClass7

2018-11-11 12:32:19.9192|INFO|ProjectManager.Utils.LoggingUtility|Operation Result Format: JSON
Request ID: 80000004-0000-fc00-b63f-84710c7967bb
Method: GET
URL: http://localhost:49859/api/project
Controller : ProjectManager.Controllers.ProjectController
Action : RetrieveProjects
Action Parameters : System.Web.Http.Tracing.ITraceWriterExtensions+<>c__DisplayClass7

2018-11-11 12:38:08.7246|INFO|ProjectManager.Utils.LoggingUtility|Operation Result Format: JSON
Request ID: 80000006-0001-fe00-b63f-84710c7967bb
Method: GET
URL: http://localhost:49859/api/project
Controller : ProjectManager.Controllers.ProjectController
Action : RetrieveProjects
Action Parameters : System.Web.Http.Tracing.ITraceWriterExtensions+<>c__DisplayClass7

2018-11-11 12:38:08.7866|INFO|ProjectManager.Utils.LoggingUtility|Operation Result Format: JSON
Request ID: 80000006-0001-fe00-b63f-84710c7967bb
Method: GET
URL: http://localhost:49859/api/project
Controller : ProjectManager.Controllers.ProjectController
Action : RetrieveProjects
Action Parameters : System.Web.Http.Tracing.ITraceWriterExtensions+<>c__DisplayClass7

2018-11-11 12:38:20.9034|INFO|ProjectManager.Utils.LoggingUtility|Operation Result Format: JSON
Request ID: 8000001c-0003-ff00-b63f-84710c7967bb
Method: GET
URL: http://localhost:49859/api/user
Controller : ProjectManager.Controllers.UserController
Action : GetUser
Action Parameters : System.Web.Http.Tracing.ITraceWriterExtensions+<>c__DisplayClass7

2018-11-11 12:38:20.9034|INFO|ProjectManager.Utils.LoggingUtility|Operation Result Format: JSON
Request ID: 8000001c-0003-ff00-b63f-84710c7967bb
Method: GET
URL: http://localhost:49859/api/user
Controller : ProjectManager.Controllers.UserController
Action : GetUser
Action Parameters : System.Web.Http.Tracing.ITraceWriterExtensions+<>c__DisplayClass7

2018-11-11 12:38:27.4313|INFO|ProjectManager.Utils.LoggingUtility|Operation Result Format: JSON
Request ID: 8000000a-0002-f400-b63f-84710c7967bb
Method: POST
URL: http://localhost:49859/api/project/add
Controller : ProjectManager.Controllers.ProjectController
Action : InsertProjectDetails
Action Parameters : System.Web.Http.Tracing.ITraceWriterExtensions+<>c__DisplayClass7

2018-11-11 12:38:27.4313|INFO|ProjectManager.Utils.LoggingUtility|Operation Result Format: JSON
Request ID: 8000000a-0002-f400-b63f-84710c7967bb
Method: POST
URL: http://localhost:49859/api/project/add
Controller : ProjectManager.Controllers.ProjectController
Action : InsertProjectDetails
Action Parameters : System.Web.Http.Tracing.ITraceWriterExtensions+<>c__DisplayClass7

2018-11-11 12:46:24.5643|INFO|ProjectManager.Utils.LoggingUtility|Operation Result Format: JSON
Request ID: 8000001d-0001-ff00-b63f-84710c7967bb
Method: GET
URL: http://localhost:49859/api/user
Controller : ProjectManager.Controllers.UserController
Action : GetUser
Action Parameters : System.Web.Http.Tracing.ITraceWriterExtensions+<>c__DisplayClass7

2018-11-11 12:46:24.6273|INFO|ProjectManager.Utils.LoggingUtility|Operation Result Format: JSON
Request ID: 8000001d-0001-ff00-b63f-84710c7967bb
Method: GET
URL: http://localhost:49859/api/user
Controller : ProjectManager.Controllers.UserController
Action : GetUser
Action Parameters : System.Web.Http.Tracing.ITraceWriterExtensions+<>c__DisplayClass7

2018-11-11 12:46:47.3251|INFO|ProjectManager.Utils.LoggingUtility|Operation Result Format: JSON
Request ID: 8000001f-0001-ff00-b63f-84710c7967bb
Method: POST
URL: http://localhost:49859/api/user/add
Controller : ProjectManager.Controllers.UserController
Action : InsertUserDetails
Action Parameters : System.Web.Http.Tracing.ITraceWriterExtensions+<>c__DisplayClass7

2018-11-11 12:46:47.3281|INFO|ProjectManager.Utils.LoggingUtility|Operation Result Format: JSON
Request ID: 8000001f-0001-ff00-b63f-84710c7967bb
Method: POST
URL: http://localhost:49859/api/user/add
Controller : ProjectManager.Controllers.UserController
Action : InsertUserDetails
Action Parameters : System.Web.Http.Tracing.ITraceWriterExtensions+<>c__DisplayClass7

2018-11-11 12:46:47.6171|INFO|ProjectManager.Utils.LoggingUtility|Operation Result Format: JSON
Request ID: 80000010-0000-fd00-b63f-84710c7967bb
Method: GET
URL: http://localhost:49859/api/user
Controller : ProjectManager.Controllers.UserController
Action : GetUser
Action Parameters : System.Web.Http.Tracing.ITraceWriterExtensions+<>c__DisplayClass7

2018-11-11 12:46:47.6171|INFO|ProjectManager.Utils.LoggingUtility|Operation Result Format: JSON
Request ID: 80000010-0000-fd00-b63f-84710c7967bb
Method: GET
URL: http://localhost:49859/api/user
Controller : ProjectManager.Controllers.UserController
Action : GetUser
Action Parameters : System.Web.Http.Tracing.ITraceWriterExtensions+<>c__DisplayClass7

2018-11-11 12:46:57.4111|INFO|ProjectManager.Utils.LoggingUtility|Operation Result Format: JSON
Request ID: 80000021-0001-ff00-b63f-84710c7967bb
Method: POST
URL: http://localhost:49859/api/user/add
Controller : ProjectManager.Controllers.UserController
Action : InsertUserDetails
Action Parameters : System.Web.Http.Tracing.ITraceWriterExtensions+<>c__DisplayClass7

2018-11-11 12:46:57.4111|INFO|ProjectManager.Utils.LoggingUtility|Operation Result Format: JSON
Request ID: 80000021-0001-ff00-b63f-84710c7967bb
Method: POST
URL: http://localhost:49859/api/user/add
Controller : ProjectManager.Controllers.UserController
Action : InsertUserDetails
Action Parameters : System.Web.Http.Tracing.ITraceWriterExtensions+<>c__DisplayClass7

2018-11-11 12:46:57.6591|INFO|ProjectManager.Utils.LoggingUtility|Operation Result Format: JSON
Request ID: 8000001e-0003-ff00-b63f-84710c7967bb
Method: GET
URL: http://localhost:49859/api/user
Controller : ProjectManager.Controllers.UserController
Action : GetUser
Action Parameters : System.Web.Http.Tracing.ITraceWriterExtensions+<>c__DisplayClass7

2018-11-11 12:46:57.6591|INFO|ProjectManager.Utils.LoggingUtility|Operation Result Format: JSON
Request ID: 8000001e-0003-ff00-b63f-84710c7967bb
Method: GET
URL: http://localhost:49859/api/user
Controller : ProjectManager.Controllers.UserController
Action : GetUser
Action Parameters : System.Web.Http.Tracing.ITraceWriterExtensions+<>c__DisplayClass7

2018-11-11 12:47:01.4632|INFO|ProjectManager.Utils.LoggingUtility|Operation Result Format: JSON
Request ID: 80000020-0003-ff00-b63f-84710c7967bb
Method: GET
URL: http://localhost:49859/api/project
Controller : ProjectManager.Controllers.ProjectController
Action : RetrieveProjects
Action Parameters : System.Web.Http.Tracing.ITraceWriterExtensions+<>c__DisplayClass7

2018-11-11 12:47:01.4632|INFO|ProjectManager.Utils.LoggingUtility|Operation Result Format: JSON
Request ID: 80000020-0003-ff00-b63f-84710c7967bb
Method: GET
URL: http://localhost:49859/api/project
Controller : ProjectManager.Controllers.ProjectController
Action : RetrieveProjects
Action Parameters : System.Web.Http.Tracing.ITraceWriterExtensions+<>c__DisplayClass7

2018-11-11 12:47:11.5134|INFO|ProjectManager.Utils.LoggingUtility|Operation Result Format: JSON
Request ID: 80000022-0003-ff00-b63f-84710c7967bb
Method: GET
URL: http://localhost:49859/api/user
Controller : ProjectManager.Controllers.UserController
Action : GetUser
Action Parameters : System.Web.Http.Tracing.ITraceWriterExtensions+<>c__DisplayClass7

2018-11-11 12:47:11.5134|INFO|ProjectManager.Utils.LoggingUtility|Operation Result Format: JSON
Request ID: 80000022-0003-ff00-b63f-84710c7967bb
Method: GET
URL: http://localhost:49859/api/user
Controller : ProjectManager.Controllers.UserController
Action : GetUser
Action Parameters : System.Web.Http.Tracing.ITraceWriterExtensions+<>c__DisplayClass7

2018-11-11 12:47:18.4527|INFO|ProjectManager.Utils.LoggingUtility|Operation Result Format: JSON
Request ID: 80000023-0001-ff00-b63f-84710c7967bb
Method: POST
URL: http://localhost:49859/api/project/add
Controller : ProjectManager.Controllers.ProjectController
Action : InsertProjectDetails
Action Parameters : System.Web.Http.Tracing.ITraceWriterExtensions+<>c__DisplayClass7

2018-11-11 12:47:18.4527|INFO|ProjectManager.Utils.LoggingUtility|Operation Result Format: JSON
Request ID: 80000023-0001-ff00-b63f-84710c7967bb
Method: POST
URL: http://localhost:49859/api/project/add
Controller : ProjectManager.Controllers.ProjectController
Action : InsertProjectDetails
Action Parameters : System.Web.Http.Tracing.ITraceWriterExtensions+<>c__DisplayClass7

2018-11-11 12:47:44.2335|INFO|ProjectManager.Utils.LoggingUtility|Operation Result Format: JSON
Request ID: 8000000e-0002-f400-b63f-84710c7967bb
Method: GET
URL: http://localhost:49859/api/project
Controller : ProjectManager.Controllers.ProjectController
Action : RetrieveProjects
Action Parameters : System.Web.Http.Tracing.ITraceWriterExtensions+<>c__DisplayClass7

2018-11-11 12:47:44.2335|INFO|ProjectManager.Utils.LoggingUtility|Operation Result Format: JSON
Request ID: 8000000e-0002-f400-b63f-84710c7967bb
Method: GET
URL: http://localhost:49859/api/project
Controller : ProjectManager.Controllers.ProjectController
Action : RetrieveProjects
Action Parameters : System.Web.Http.Tracing.ITraceWriterExtensions+<>c__DisplayClass7

2018-11-11 12:48:09.7435|INFO|ProjectManager.Utils.LoggingUtility|Operation Result Format: JSON
Request ID: 80000012-0000-fd00-b63f-84710c7967bb
Method: GET
URL: http://localhost:49859/api/user
Controller : ProjectManager.Controllers.UserController
Action : GetUser
Action Parameters : System.Web.Http.Tracing.ITraceWriterExtensions+<>c__DisplayClass7

2018-11-11 12:48:09.7435|INFO|ProjectManager.Utils.LoggingUtility|Operation Result Format: JSON
Request ID: 80000012-0000-fd00-b63f-84710c7967bb
Method: GET
URL: http://localhost:49859/api/user
Controller : ProjectManager.Controllers.UserController
Action : GetUser
Action Parameters : System.Web.Http.Tracing.ITraceWriterExtensions+<>c__DisplayClass7

2018-11-11 12:48:18.6074|INFO|ProjectManager.Utils.LoggingUtility|Operation Result Format: JSON
Request ID: 80000024-0003-ff00-b63f-84710c7967bb
Method: POST
URL: http://localhost:49859/api/project/add
Controller : ProjectManager.Controllers.ProjectController
Action : InsertProjectDetails
Action Parameters : System.Web.Http.Tracing.ITraceWriterExtensions+<>c__DisplayClass7

2018-11-11 12:48:18.6074|INFO|ProjectManager.Utils.LoggingUtility|Operation Result Format: JSON
Request ID: 80000024-0003-ff00-b63f-84710c7967bb
Method: POST
URL: http://localhost:49859/api/project/add
Controller : ProjectManager.Controllers.ProjectController
Action : InsertProjectDetails
Action Parameters : System.Web.Http.Tracing.ITraceWriterExtensions+<>c__DisplayClass7

2018-11-11 12:48:32.6869|INFO|ProjectManager.Utils.LoggingUtility|Operation Result Format: JSON
Request ID: 80000026-0003-ff00-b63f-84710c7967bb
Method: GET
URL: http://localhost:49859/api/project
Controller : ProjectManager.Controllers.ProjectController
Action : RetrieveProjects
Action Parameters : System.Web.Http.Tracing.ITraceWriterExtensions+<>c__DisplayClass7

2018-11-11 12:48:32.6869|INFO|ProjectManager.Utils.LoggingUtility|Operation Result Format: JSON
Request ID: 80000026-0003-ff00-b63f-84710c7967bb
Method: GET
URL: http://localhost:49859/api/project
Controller : ProjectManager.Controllers.ProjectController
Action : RetrieveProjects
Action Parameters : System.Web.Http.Tracing.ITraceWriterExtensions+<>c__DisplayClass7

2018-11-11 12:59:50.9589|INFO|ProjectManager.Utils.LoggingUtility|Operation Result Format: JSON
Request ID: 8000000b-0001-fe00-b63f-84710c7967bb
Method: GET
URL: http://localhost:49859/api/project
Controller : ProjectManager.Controllers.ProjectController
Action : RetrieveProjects
Action Parameters : System.Web.Http.Tracing.ITraceWriterExtensions+<>c__DisplayClass7

2018-11-11 12:59:50.9589|INFO|ProjectManager.Utils.LoggingUtility|Operation Result Format: JSON
Request ID: 8000000b-0001-fe00-b63f-84710c7967bb
Method: GET
URL: http://localhost:49859/api/project
Controller : ProjectManager.Controllers.ProjectController
Action : RetrieveProjects
Action Parameters : System.Web.Http.Tracing.ITraceWriterExtensions+<>c__DisplayClass7

2018-11-11 13:01:10.6487|INFO|ProjectManager.Utils.LoggingUtility|Operation Result Format: JSON
Request ID: 80000028-0003-ff00-b63f-84710c7967bb
Method: GET
URL: http://localhost:49859/api/project
Controller : ProjectManager.Controllers.ProjectController
Action : RetrieveProjects
Action Parameters : System.Web.Http.Tracing.ITraceWriterExtensions+<>c__DisplayClass7

2018-11-11 13:01:10.6487|INFO|ProjectManager.Utils.LoggingUtility|Operation Result Format: JSON
Request ID: 80000028-0003-ff00-b63f-84710c7967bb
Method: GET
URL: http://localhost:49859/api/project
Controller : ProjectManager.Controllers.ProjectController
Action : RetrieveProjects
Action Parameters : System.Web.Http.Tracing.ITraceWriterExtensions+<>c__DisplayClass7

2018-11-11 13:02:10.4068|INFO|ProjectManager.Utils.LoggingUtility|Operation Result Format: JSON
Request ID: 80000014-0000-fd00-b63f-84710c7967bb
Method: GET
URL: http://localhost:49859/api/project
Controller : ProjectManager.Controllers.ProjectController
Action : RetrieveProjects
Action Parameters : System.Web.Http.Tracing.ITraceWriterExtensions+<>c__DisplayClass7

2018-11-11 13:02:10.4068|INFO|ProjectManager.Utils.LoggingUtility|Operation Result Format: JSON
Request ID: 80000014-0000-fd00-b63f-84710c7967bb
Method: GET
URL: http://localhost:49859/api/project
Controller : ProjectManager.Controllers.ProjectController
Action : RetrieveProjects
Action Parameters : System.Web.Http.Tracing.ITraceWriterExtensions+<>c__DisplayClass7

2018-11-11 13:05:50.4931|INFO|ProjectManager.Utils.LoggingUtility|Operation Result Format: JSON
Request ID: 80000010-0002-f400-b63f-84710c7967bb
Method: GET
URL: http://localhost:49859/api/project
Controller : ProjectManager.Controllers.ProjectController
Action : RetrieveProjects
Action Parameters : System.Web.Http.Tracing.ITraceWriterExtensions+<>c__DisplayClass7

2018-11-11 13:05:50.4931|INFO|ProjectManager.Utils.LoggingUtility|Operation Result Format: JSON
Request ID: 80000010-0002-f400-b63f-84710c7967bb
Method: GET
URL: http://localhost:49859/api/project
Controller : ProjectManager.Controllers.ProjectController
Action : RetrieveProjects
Action Parameters : System.Web.Http.Tracing.ITraceWriterExtensions+<>c__DisplayClass7

2018-11-11 13:11:17.7597|INFO|ProjectManager.Utils.LoggingUtility|Operation Result Format: JSON
Request ID: 8000002a-0003-ff00-b63f-84710c7967bb
Method: GET
URL: http://localhost:49859/api/project
Controller : ProjectManager.Controllers.ProjectController
Action : RetrieveProjects
Action Parameters : System.Web.Http.Tracing.ITraceWriterExtensions+<>c__DisplayClass7

2018-11-11 13:11:17.7657|INFO|ProjectManager.Utils.LoggingUtility|Operation Result Format: JSON
Request ID: 8000002a-0003-ff00-b63f-84710c7967bb
Method: GET
URL: http://localhost:49859/api/project
Controller : ProjectManager.Controllers.ProjectController
Action : RetrieveProjects
Action Parameters : System.Web.Http.Tracing.ITraceWriterExtensions+<>c__DisplayClass7

2018-11-11 13:12:37.8694|INFO|ProjectManager.Utils.LoggingUtility|Operation Result Format: JSON
Request ID: 8000002c-0003-ff00-b63f-84710c7967bb
Method: GET
URL: http://localhost:49859/api/project
Controller : ProjectManager.Controllers.ProjectController
Action : RetrieveProjects
Action Parameters : System.Web.Http.Tracing.ITraceWriterExtensions+<>c__DisplayClass7

2018-11-11 13:12:37.8694|INFO|ProjectManager.Utils.LoggingUtility|Operation Result Format: JSON
Request ID: 8000002c-0003-ff00-b63f-84710c7967bb
Method: GET
URL: http://localhost:49859/api/project
Controller : ProjectManager.Controllers.ProjectController
Action : RetrieveProjects
Action Parameters : System.Web.Http.Tracing.ITraceWriterExtensions+<>c__DisplayClass7

2018-11-11 13:14:33.8571|INFO|ProjectManager.Utils.LoggingUtility|Operation Result Format: JSON
Request ID: 8000000d-0001-fe00-b63f-84710c7967bb
Method: GET
URL: http://localhost:49859/api/project
Controller : ProjectManager.Controllers.ProjectController
Action : RetrieveProjects
Action Parameters : System.Web.Http.Tracing.ITraceWriterExtensions+<>c__DisplayClass7

2018-11-11 13:14:33.8571|INFO|ProjectManager.Utils.LoggingUtility|Operation Result Format: JSON
Request ID: 8000000d-0001-fe00-b63f-84710c7967bb
Method: GET
URL: http://localhost:49859/api/project
Controller : ProjectManager.Controllers.ProjectController
Action : RetrieveProjects
Action Parameters : System.Web.Http.Tracing.ITraceWriterExtensions+<>c__DisplayClass7

2018-11-11 13:14:44.5891|INFO|ProjectManager.Utils.LoggingUtility|Operation Result Format: JSON
Request ID: 80000016-0000-fd00-b63f-84710c7967bb
Method: GET
URL: http://localhost:49859/api/user
Controller : ProjectManager.Controllers.UserController
Action : GetUser
Action Parameters : System.Web.Http.Tracing.ITraceWriterExtensions+<>c__DisplayClass7

2018-11-11 13:14:44.5911|INFO|ProjectManager.Utils.LoggingUtility|Operation Result Format: JSON
Request ID: 80000016-0000-fd00-b63f-84710c7967bb
Method: GET
URL: http://localhost:49859/api/user
Controller : ProjectManager.Controllers.UserController
Action : GetUser
Action Parameters : System.Web.Http.Tracing.ITraceWriterExtensions+<>c__DisplayClass7

2018-11-11 13:17:06.3579|INFO|ProjectManager.Utils.LoggingUtility|Operation Result Format: JSON
Request ID: 8000000f-0001-fe00-b63f-84710c7967bb
Method: GET
URL: http://localhost:49859/api/project
Controller : ProjectManager.Controllers.ProjectController
Action : RetrieveProjects
Action Parameters : System.Web.Http.Tracing.ITraceWriterExtensions+<>c__DisplayClass7

2018-11-11 13:17:06.3579|INFO|ProjectManager.Utils.LoggingUtility|Operation Result Format: JSON
Request ID: 8000000f-0001-fe00-b63f-84710c7967bb
Method: GET
URL: http://localhost:49859/api/project
Controller : ProjectManager.Controllers.ProjectController
Action : RetrieveProjects
Action Parameters : System.Web.Http.Tracing.ITraceWriterExtensions+<>c__DisplayClass7

2018-11-11 13:18:53.7604|INFO|ProjectManager.Utils.LoggingUtility|Operation Result Format: JSON
Request ID: 80000018-0000-fd00-b63f-84710c7967bb
Method: GET
URL: http://localhost:49859/api/project
Controller : ProjectManager.Controllers.ProjectController
Action : RetrieveProjects
Action Parameters : System.Web.Http.Tracing.ITraceWriterExtensions+<>c__DisplayClass7

2018-11-11 13:18:53.7604|INFO|ProjectManager.Utils.LoggingUtility|Operation Result Format: JSON
Request ID: 80000018-0000-fd00-b63f-84710c7967bb
Method: GET
URL: http://localhost:49859/api/project
Controller : ProjectManager.Controllers.ProjectController
Action : RetrieveProjects
Action Parameters : System.Web.Http.Tracing.ITraceWriterExtensions+<>c__DisplayClass7

2018-11-11 13:21:24.4325|INFO|ProjectManager.Utils.LoggingUtility|Operation Result Format: JSON
Request ID: 80000011-0001-fe00-b63f-84710c7967bb
Method: GET
URL: http://localhost:49859/api/user
Controller : ProjectManager.Controllers.UserController
Action : GetUser
Action Parameters : System.Web.Http.Tracing.ITraceWriterExtensions+<>c__DisplayClass7

2018-11-11 13:21:24.4325|INFO|ProjectManager.Utils.LoggingUtility|Operation Result Format: JSON
Request ID: 80000011-0001-fe00-b63f-84710c7967bb
Method: GET
URL: http://localhost:49859/api/user
Controller : ProjectManager.Controllers.UserController
Action : GetUser
Action Parameters : System.Web.Http.Tracing.ITraceWriterExtensions+<>c__DisplayClass7

2018-11-11 13:21:24.4325|INFO|ProjectManager.Utils.LoggingUtility|Operation Result Format: JSON
Request ID: 8000002e-0003-ff00-b63f-84710c7967bb
Method: GET
URL: http://localhost:49859/api/project
Controller : ProjectManager.Controllers.ProjectController
Action : RetrieveProjects
Action Parameters : System.Web.Http.Tracing.ITraceWriterExtensions+<>c__DisplayClass7

2018-11-11 13:21:24.4675|INFO|ProjectManager.Utils.LoggingUtility|Operation Result Format: JSON
Request ID: 8000002e-0003-ff00-b63f-84710c7967bb
Method: GET
URL: http://localhost:49859/api/project
Controller : ProjectManager.Controllers.ProjectController
Action : RetrieveProjects
Action Parameters : System.Web.Http.Tracing.ITraceWriterExtensions+<>c__DisplayClass7

2018-11-11 13:22:05.3626|INFO|ProjectManager.Utils.LoggingUtility|Operation Result Format: JSON
Request ID: 8000001a-0000-fd00-b63f-84710c7967bb
Method: GET
URL: http://localhost:49859/api/user
Controller : ProjectManager.Controllers.UserController
Action : GetUser
Action Parameters : System.Web.Http.Tracing.ITraceWriterExtensions+<>c__DisplayClass7

2018-11-11 13:22:05.3626|INFO|ProjectManager.Utils.LoggingUtility|Operation Result Format: JSON
Request ID: 8000000a-0000-fe00-b63f-84710c7967bb
Method: GET
URL: http://localhost:49859/api/project
Controller : ProjectManager.Controllers.ProjectController
Action : RetrieveProjects
Action Parameters : System.Web.Http.Tracing.ITraceWriterExtensions+<>c__DisplayClass7

2018-11-11 13:22:05.3626|INFO|ProjectManager.Utils.LoggingUtility|Operation Result Format: JSON
Request ID: 8000000a-0000-fe00-b63f-84710c7967bb
Method: GET
URL: http://localhost:49859/api/project
Controller : ProjectManager.Controllers.ProjectController
Action : RetrieveProjects
Action Parameters : System.Web.Http.Tracing.ITraceWriterExtensions+<>c__DisplayClass7

2018-11-11 13:22:05.3626|INFO|ProjectManager.Utils.LoggingUtility|Operation Result Format: JSON
Request ID: 8000001a-0000-fd00-b63f-84710c7967bb
Method: GET
URL: http://localhost:49859/api/user
Controller : ProjectManager.Controllers.UserController
Action : GetUser
Action Parameters : System.Web.Http.Tracing.ITraceWriterExtensions+<>c__DisplayClass7

2018-11-11 13:24:50.9205|INFO|ProjectManager.Utils.LoggingUtility|Operation Result Format: JSON
Request ID: 8000001c-0000-fd00-b63f-84710c7967bb
Method: GET
URL: http://localhost:49859/api/user
Controller : ProjectManager.Controllers.UserController
Action : GetUser
Action Parameters : System.Web.Http.Tracing.ITraceWriterExtensions+<>c__DisplayClass7

2018-11-11 13:24:50.9205|INFO|ProjectManager.Utils.LoggingUtility|Operation Result Format: JSON
Request ID: 8000001c-0000-fd00-b63f-84710c7967bb
Method: GET
URL: http://localhost:49859/api/user
Controller : ProjectManager.Controllers.UserController
Action : GetUser
Action Parameters : System.Web.Http.Tracing.ITraceWriterExtensions+<>c__DisplayClass7

2018-11-11 13:24:50.9205|INFO|ProjectManager.Utils.LoggingUtility|Operation Result Format: JSON
Request ID: 8000000c-0000-fe00-b63f-84710c7967bb
Method: GET
URL: http://localhost:49859/api/project
Controller : ProjectManager.Controllers.ProjectController
Action : RetrieveProjects
Action Parameters : System.Web.Http.Tracing.ITraceWriterExtensions+<>c__DisplayClass7

2018-11-11 13:24:50.9675|INFO|ProjectManager.Utils.LoggingUtility|Operation Result Format: JSON
Request ID: 8000000c-0000-fe00-b63f-84710c7967bb
Method: GET
URL: http://localhost:49859/api/project
Controller : ProjectManager.Controllers.ProjectController
Action : RetrieveProjects
Action Parameters : System.Web.Http.Tracing.ITraceWriterExtensions+<>c__DisplayClass7

2018-11-11 13:38:13.1553|INFO|ProjectManager.Utils.LoggingUtility|Operation Result Format: JSON
Request ID: 80000012-0002-f400-b63f-84710c7967bb
Method: POST
URL: http://localhost:49859/api/project/add
Controller : ProjectManager.Controllers.ProjectController
Action : InsertProjectDetails
Action Parameters : System.Web.Http.Tracing.ITraceWriterExtensions+<>c__DisplayClass7

2018-11-11 13:38:13.2123|INFO|ProjectManager.Utils.LoggingUtility|Operation Result Format: JSON
Request ID: 80000012-0002-f400-b63f-84710c7967bb
Method: POST
URL: http://localhost:49859/api/project/add
Controller : ProjectManager.Controllers.ProjectController
Action : InsertProjectDetails
Action Parameters : System.Web.Http.Tracing.ITraceWriterExtensions+<>c__DisplayClass7

2018-11-11 13:38:15.7443|INFO|ProjectManager.Utils.LoggingUtility|Operation Result Format: JSON
Request ID: 80000030-0003-ff00-b63f-84710c7967bb
Method: GET
URL: http://localhost:49859/api/user
Controller : ProjectManager.Controllers.UserController
Action : GetUser
Action Parameters : System.Web.Http.Tracing.ITraceWriterExtensions+<>c__DisplayClass7

2018-11-11 13:38:15.7443|INFO|ProjectManager.Utils.LoggingUtility|Operation Result Format: JSON
Request ID: 80000030-0003-ff00-b63f-84710c7967bb
Method: GET
URL: http://localhost:49859/api/user
Controller : ProjectManager.Controllers.UserController
Action : GetUser
Action Parameters : System.Web.Http.Tracing.ITraceWriterExtensions+<>c__DisplayClass7

2018-11-11 13:38:16.0593|INFO|ProjectManager.Utils.LoggingUtility|Operation Result Format: JSON
Request ID: 80000013-0001-fe00-b63f-84710c7967bb
Method: GET
URL: http://localhost:49859/api/project
Controller : ProjectManager.Controllers.ProjectController
Action : RetrieveProjects
Action Parameters : System.Web.Http.Tracing.ITraceWriterExtensions+<>c__DisplayClass7

2018-11-11 13:38:16.0663|INFO|ProjectManager.Utils.LoggingUtility|Operation Result Format: JSON
Request ID: 80000013-0001-fe00-b63f-84710c7967bb
Method: GET
URL: http://localhost:49859/api/project
Controller : ProjectManager.Controllers.ProjectController
Action : RetrieveProjects
Action Parameters : System.Web.Http.Tracing.ITraceWriterExtensions+<>c__DisplayClass7

2018-11-11 13:42:00.7274|INFO|ProjectManager.Utils.LoggingUtility|Operation Result Format: JSON
Request ID: 80000021-0000-fd00-b63f-84710c7967bb
Method: GET
URL: http://localhost:49859/api/user
Controller : ProjectManager.Controllers.UserController
Action : GetUser
Action Parameters : System.Web.Http.Tracing.ITraceWriterExtensions+<>c__DisplayClass7

2018-11-11 13:42:00.7274|INFO|ProjectManager.Utils.LoggingUtility|Operation Result Format: JSON
Request ID: 80000021-0000-fd00-b63f-84710c7967bb
Method: GET
URL: http://localhost:49859/api/user
Controller : ProjectManager.Controllers.UserController
Action : GetUser
Action Parameters : System.Web.Http.Tracing.ITraceWriterExtensions+<>c__DisplayClass7

2018-11-11 13:42:00.8034|INFO|ProjectManager.Utils.LoggingUtility|Operation Result Format: JSON
Request ID: 80000014-0002-f400-b63f-84710c7967bb
Method: GET
URL: http://localhost:49859/api/project
Controller : ProjectManager.Controllers.ProjectController
Action : RetrieveProjects
Action Parameters : System.Web.Http.Tracing.ITraceWriterExtensions+<>c__DisplayClass7

2018-11-11 13:42:00.8034|INFO|ProjectManager.Utils.LoggingUtility|Operation Result Format: JSON
Request ID: 80000014-0002-f400-b63f-84710c7967bb
Method: GET
URL: http://localhost:49859/api/project
Controller : ProjectManager.Controllers.ProjectController
Action : RetrieveProjects
Action Parameters : System.Web.Http.Tracing.ITraceWriterExtensions+<>c__DisplayClass7

2018-11-11 13:43:41.4485|INFO|ProjectManager.Utils.LoggingUtility|Operation Result Format: JSON
Request ID: 80000023-0000-fd00-b63f-84710c7967bb
Method: POST
URL: http://localhost:49859/api/project/update
Controller : ProjectManager.Controllers.ProjectController
Action : UpdateProjectDetails
Action Parameters : System.Web.Http.Tracing.ITraceWriterExtensions+<>c__DisplayClass7

2018-11-11 13:43:41.4525|INFO|ProjectManager.Utils.LoggingUtility|Operation Result Format: JSON
Request ID: 80000023-0000-fd00-b63f-84710c7967bb
Method: POST
URL: http://localhost:49859/api/project/update
Controller : ProjectManager.Controllers.ProjectController
Action : UpdateProjectDetails
Action Parameters : System.Web.Http.Tracing.ITraceWriterExtensions+<>c__DisplayClass7

2018-11-11 13:48:10.8125|INFO|ProjectManager.Utils.LoggingUtility|Operation Result Format: JSON
Request ID: 80000004-0003-fe00-b63f-84710c7967bb
Method: GET
URL: http://localhost:49859/api/project
Controller : ProjectManager.Controllers.ProjectController
Action : RetrieveProjects
Action Parameters : System.Web.Http.Tracing.ITraceWriterExtensions+<>c__DisplayClass7

2018-11-11 13:48:10.8125|INFO|ProjectManager.Utils.LoggingUtility|Operation Result Format: JSON
Request ID: 80000025-0000-fd00-b63f-84710c7967bb
Method: GET
URL: http://localhost:49859/api/user
Controller : ProjectManager.Controllers.UserController
Action : GetUser
Action Parameters : System.Web.Http.Tracing.ITraceWriterExtensions+<>c__DisplayClass7

2018-11-11 13:48:10.8645|INFO|ProjectManager.Utils.LoggingUtility|Operation Result Format: JSON
Request ID: 80000004-0003-fe00-b63f-84710c7967bb
Method: GET
URL: http://localhost:49859/api/project
Controller : ProjectManager.Controllers.ProjectController
Action : RetrieveProjects
Action Parameters : System.Web.Http.Tracing.ITraceWriterExtensions+<>c__DisplayClass7

2018-11-11 13:48:10.8645|INFO|ProjectManager.Utils.LoggingUtility|Operation Result Format: JSON
Request ID: 80000025-0000-fd00-b63f-84710c7967bb
Method: GET
URL: http://localhost:49859/api/user
Controller : ProjectManager.Controllers.UserController
Action : GetUser
Action Parameters : System.Web.Http.Tracing.ITraceWriterExtensions+<>c__DisplayClass7

2018-11-11 13:48:28.5875|INFO|ProjectManager.Utils.LoggingUtility|Operation Result Format: JSON
Request ID: 80000007-0001-fd00-b63f-84710c7967bb
Method: POST
URL: http://localhost:49859/api/project/update
Controller : ProjectManager.Controllers.ProjectController
Action : UpdateProjectDetails
Action Parameters : System.Web.Http.Tracing.ITraceWriterExtensions+<>c__DisplayClass7

2018-11-11 13:48:28.5875|INFO|ProjectManager.Utils.LoggingUtility|Operation Result Format: JSON
Request ID: 80000007-0001-fd00-b63f-84710c7967bb
Method: POST
URL: http://localhost:49859/api/project/update
Controller : ProjectManager.Controllers.ProjectController
Action : UpdateProjectDetails
Action Parameters : System.Web.Http.Tracing.ITraceWriterExtensions+<>c__DisplayClass7

2018-11-11 13:49:51.2088|INFO|ProjectManager.Utils.LoggingUtility|Operation Result Format: JSON
Request ID: 80000034-0003-ff00-b63f-84710c7967bb
Method: GET
URL: http://localhost:49859/api/project
Controller : ProjectManager.Controllers.ProjectController
Action : RetrieveProjects
Action Parameters : System.Web.Http.Tracing.ITraceWriterExtensions+<>c__DisplayClass7

2018-11-11 13:49:51.2088|INFO|ProjectManager.Utils.LoggingUtility|Operation Result Format: JSON
Request ID: 80000006-0003-fe00-b63f-84710c7967bb
Method: GET
URL: http://localhost:49859/api/user
Controller : ProjectManager.Controllers.UserController
Action : GetUser
Action Parameters : System.Web.Http.Tracing.ITraceWriterExtensions+<>c__DisplayClass7

2018-11-11 13:49:51.2088|INFO|ProjectManager.Utils.LoggingUtility|Operation Result Format: JSON
Request ID: 80000006-0003-fe00-b63f-84710c7967bb
Method: GET
URL: http://localhost:49859/api/user
Controller : ProjectManager.Controllers.UserController
Action : GetUser
Action Parameters : System.Web.Http.Tracing.ITraceWriterExtensions+<>c__DisplayClass7

2018-11-11 13:49:51.2088|INFO|ProjectManager.Utils.LoggingUtility|Operation Result Format: JSON
Request ID: 80000034-0003-ff00-b63f-84710c7967bb
Method: GET
URL: http://localhost:49859/api/project
Controller : ProjectManager.Controllers.ProjectController
Action : RetrieveProjects
Action Parameters : System.Web.Http.Tracing.ITraceWriterExtensions+<>c__DisplayClass7

2018-11-11 13:50:24.7128|INFO|ProjectManager.Utils.LoggingUtility|Operation Result Format: JSON
Request ID: 80000027-0000-fd00-b63f-84710c7967bb
Method: POST
URL: http://localhost:49859/api/project/update
Controller : ProjectManager.Controllers.ProjectController
Action : UpdateProjectDetails
Action Parameters : System.Web.Http.Tracing.ITraceWriterExtensions+<>c__DisplayClass7

2018-11-11 13:50:24.7158|INFO|ProjectManager.Utils.LoggingUtility|Operation Result Format: JSON
Request ID: 80000027-0000-fd00-b63f-84710c7967bb
Method: POST
URL: http://localhost:49859/api/project/update
Controller : ProjectManager.Controllers.ProjectController
Action : UpdateProjectDetails
Action Parameters : System.Web.Http.Tracing.ITraceWriterExtensions+<>c__DisplayClass7

2018-11-11 13:51:25.3884|INFO|ProjectManager.Utils.LoggingUtility|Operation Result Format: JSON
Request ID: 80000005-0003-fd00-b63f-84710c7967bb
Method: GET
URL: http://localhost:49859/api/project
Controller : ProjectManager.Controllers.ProjectController
Action : RetrieveProjects
Action Parameters : System.Web.Http.Tracing.ITraceWriterExtensions+<>c__DisplayClass7

2018-11-11 13:51:25.3884|INFO|ProjectManager.Utils.LoggingUtility|Operation Result Format: JSON
Request ID: 80000029-0000-fd00-b63f-84710c7967bb
Method: GET
URL: http://localhost:49859/api/user
Controller : ProjectManager.Controllers.UserController
Action : GetUser
Action Parameters : System.Web.Http.Tracing.ITraceWriterExtensions+<>c__DisplayClass7

2018-11-11 13:51:25.3884|INFO|ProjectManager.Utils.LoggingUtility|Operation Result Format: JSON
Request ID: 80000029-0000-fd00-b63f-84710c7967bb
Method: GET
URL: http://localhost:49859/api/user
Controller : ProjectManager.Controllers.UserController
Action : GetUser
Action Parameters : System.Web.Http.Tracing.ITraceWriterExtensions+<>c__DisplayClass7

2018-11-11 13:51:25.3884|INFO|ProjectManager.Utils.LoggingUtility|Operation Result Format: JSON
Request ID: 80000005-0003-fd00-b63f-84710c7967bb
Method: GET
URL: http://localhost:49859/api/project
Controller : ProjectManager.Controllers.ProjectController
Action : RetrieveProjects
Action Parameters : System.Web.Http.Tracing.ITraceWriterExtensions+<>c__DisplayClass7

2018-11-11 13:53:18.4148|INFO|ProjectManager.Utils.LoggingUtility|Operation Result Format: JSON
Request ID: 80000004-0001-fc00-b63f-84710c7967bb
Method: GET
URL: http://localhost:49859/api/project
Controller : ProjectManager.Controllers.ProjectController
Action : RetrieveProjects
Action Parameters : System.Web.Http.Tracing.ITraceWriterExtensions+<>c__DisplayClass7

2018-11-11 13:53:18.4148|INFO|ProjectManager.Utils.LoggingUtility|Operation Result Format: JSON
Request ID: 80000009-0001-fd00-b63f-84710c7967bb
Method: GET
URL: http://localhost:49859/api/user
Controller : ProjectManager.Controllers.UserController
Action : GetUser
Action Parameters : System.Web.Http.Tracing.ITraceWriterExtensions+<>c__DisplayClass7

2018-11-11 13:53:18.4148|INFO|ProjectManager.Utils.LoggingUtility|Operation Result Format: JSON
Request ID: 80000004-0001-fc00-b63f-84710c7967bb
Method: GET
URL: http://localhost:49859/api/project
Controller : ProjectManager.Controllers.ProjectController
Action : RetrieveProjects
Action Parameters : System.Web.Http.Tracing.ITraceWriterExtensions+<>c__DisplayClass7

2018-11-11 13:53:18.4288|INFO|ProjectManager.Utils.LoggingUtility|Operation Result Format: JSON
Request ID: 80000009-0001-fd00-b63f-84710c7967bb
Method: GET
URL: http://localhost:49859/api/user
Controller : ProjectManager.Controllers.UserController
Action : GetUser
Action Parameters : System.Web.Http.Tracing.ITraceWriterExtensions+<>c__DisplayClass7

2018-11-11 13:53:26.5681|INFO|ProjectManager.Utils.LoggingUtility|Operation Result Format: JSON
Request ID: 8000000b-0001-fd00-b63f-84710c7967bb
Method: POST
URL: http://localhost:49859/api/project/update
Controller : ProjectManager.Controllers.ProjectController
Action : UpdateProjectDetails
Action Parameters : System.Web.Http.Tracing.ITraceWriterExtensions+<>c__DisplayClass7

2018-11-11 13:53:26.5681|INFO|ProjectManager.Utils.LoggingUtility|Operation Result Format: JSON
Request ID: 8000000b-0001-fd00-b63f-84710c7967bb
Method: POST
URL: http://localhost:49859/api/project/update
Controller : ProjectManager.Controllers.ProjectController
Action : UpdateProjectDetails
Action Parameters : System.Web.Http.Tracing.ITraceWriterExtensions+<>c__DisplayClass7

2018-11-11 13:53:30.9095|INFO|ProjectManager.Utils.LoggingUtility|Operation Result Format: JSON
Request ID: 8000000d-0001-fd00-b63f-84710c7967bb
Method: GET
URL: http://localhost:49859/api/user
Controller : ProjectManager.Controllers.UserController
Action : GetUser
Action Parameters : System.Web.Http.Tracing.ITraceWriterExtensions+<>c__DisplayClass7

2018-11-11 13:53:30.9095|INFO|ProjectManager.Utils.LoggingUtility|Operation Result Format: JSON
Request ID: 8000000d-0001-fd00-b63f-84710c7967bb
Method: GET
URL: http://localhost:49859/api/user
Controller : ProjectManager.Controllers.UserController
Action : GetUser
Action Parameters : System.Web.Http.Tracing.ITraceWriterExtensions+<>c__DisplayClass7

2018-11-11 13:53:30.9265|INFO|ProjectManager.Utils.LoggingUtility|Operation Result Format: JSON
Request ID: 80000016-0002-f400-b63f-84710c7967bb
Method: GET
URL: http://localhost:49859/api/project
Controller : ProjectManager.Controllers.ProjectController
Action : RetrieveProjects
Action Parameters : System.Web.Http.Tracing.ITraceWriterExtensions+<>c__DisplayClass7

2018-11-11 13:53:30.9265|INFO|ProjectManager.Utils.LoggingUtility|Operation Result Format: JSON
Request ID: 80000016-0002-f400-b63f-84710c7967bb
Method: GET
URL: http://localhost:49859/api/project
Controller : ProjectManager.Controllers.ProjectController
Action : RetrieveProjects
Action Parameters : System.Web.Http.Tracing.ITraceWriterExtensions+<>c__DisplayClass7

2018-11-11 13:57:40.0643|INFO|ProjectManager.Utils.LoggingUtility|Operation Result Format: JSON
Request ID: 8000002b-0000-fd00-b63f-84710c7967bb
Method: GET
URL: http://localhost:49859/api/user
Controller : ProjectManager.Controllers.UserController
Action : GetUser
Action Parameters : System.Web.Http.Tracing.ITraceWriterExtensions+<>c__DisplayClass7

2018-11-11 13:57:40.0643|INFO|ProjectManager.Utils.LoggingUtility|Operation Result Format: JSON
Request ID: 8000002b-0000-fd00-b63f-84710c7967bb
Method: GET
URL: http://localhost:49859/api/user
Controller : ProjectManager.Controllers.UserController
Action : GetUser
Action Parameters : System.Web.Http.Tracing.ITraceWriterExtensions+<>c__DisplayClass7

2018-11-11 13:57:40.0903|INFO|ProjectManager.Utils.LoggingUtility|Operation Result Format: JSON
Request ID: 80000008-0000-fb00-b63f-84710c7967bb
Method: GET
URL: http://localhost:49859/api/project
Controller : ProjectManager.Controllers.ProjectController
Action : RetrieveProjects
Action Parameters : System.Web.Http.Tracing.ITraceWriterExtensions+<>c__DisplayClass7

2018-11-11 13:57:40.1443|INFO|ProjectManager.Utils.LoggingUtility|Operation Result Format: JSON
Request ID: 80000008-0000-fb00-b63f-84710c7967bb
Method: GET
URL: http://localhost:49859/api/project
Controller : ProjectManager.Controllers.ProjectController
Action : RetrieveProjects
Action Parameters : System.Web.Http.Tracing.ITraceWriterExtensions+<>c__DisplayClass7

2018-11-11 14:00:13.0516|INFO|ProjectManager.Utils.LoggingUtility|Operation Result Format: JSON
Request ID: 80000018-0002-f400-b63f-84710c7967bb
Method: GET
URL: http://localhost:49859/api/user
Controller : ProjectManager.Controllers.UserController
Action : GetUser
Action Parameters : System.Web.Http.Tracing.ITraceWriterExtensions+<>c__DisplayClass7

2018-11-11 14:00:13.0516|INFO|ProjectManager.Utils.LoggingUtility|Operation Result Format: JSON
Request ID: 80000009-0002-f500-b63f-84710c7967bb
Method: GET
URL: http://localhost:49859/api/project
Controller : ProjectManager.Controllers.ProjectController
Action : RetrieveProjects
Action Parameters : System.Web.Http.Tracing.ITraceWriterExtensions+<>c__DisplayClass7

2018-11-11 14:00:13.0516|INFO|ProjectManager.Utils.LoggingUtility|Operation Result Format: JSON
Request ID: 80000018-0002-f400-b63f-84710c7967bb
Method: GET
URL: http://localhost:49859/api/user
Controller : ProjectManager.Controllers.UserController
Action : GetUser
Action Parameters : System.Web.Http.Tracing.ITraceWriterExtensions+<>c__DisplayClass7

2018-11-11 14:00:13.0756|INFO|ProjectManager.Utils.LoggingUtility|Operation Result Format: JSON
Request ID: 80000009-0002-f500-b63f-84710c7967bb
Method: GET
URL: http://localhost:49859/api/project
Controller : ProjectManager.Controllers.ProjectController
Action : RetrieveProjects
Action Parameters : System.Web.Http.Tracing.ITraceWriterExtensions+<>c__DisplayClass7

2018-11-11 14:01:22.7466|INFO|ProjectManager.Utils.LoggingUtility|Operation Result Format: JSON
Request ID: 80000007-0003-fd00-b63f-84710c7967bb
Method: GET
URL: http://localhost:49859/api/user
Controller : ProjectManager.Controllers.UserController
Action : GetUser
Action Parameters : System.Web.Http.Tracing.ITraceWriterExtensions+<>c__DisplayClass7

2018-11-11 14:01:22.7556|INFO|ProjectManager.Utils.LoggingUtility|Operation Result Format: JSON
Request ID: 80000007-0003-fd00-b63f-84710c7967bb
Method: GET
URL: http://localhost:49859/api/user
Controller : ProjectManager.Controllers.UserController
Action : GetUser
Action Parameters : System.Web.Http.Tracing.ITraceWriterExtensions+<>c__DisplayClass7

2018-11-11 14:01:22.7466|INFO|ProjectManager.Utils.LoggingUtility|Operation Result Format: JSON
Request ID: 80000036-0003-ff00-b63f-84710c7967bb
Method: GET
URL: http://localhost:49859/api/project
Controller : ProjectManager.Controllers.ProjectController
Action : RetrieveProjects
Action Parameters : System.Web.Http.Tracing.ITraceWriterExtensions+<>c__DisplayClass7

2018-11-11 14:01:22.8076|INFO|ProjectManager.Utils.LoggingUtility|Operation Result Format: JSON
Request ID: 80000036-0003-ff00-b63f-84710c7967bb
Method: GET
URL: http://localhost:49859/api/project
Controller : ProjectManager.Controllers.ProjectController
Action : RetrieveProjects
Action Parameters : System.Web.Http.Tracing.ITraceWriterExtensions+<>c__DisplayClass7

2018-11-11 14:08:04.8295|INFO|ProjectManager.Utils.LoggingUtility|Operation Result Format: JSON
Request ID: 8000000f-0001-fd00-b63f-84710c7967bb
Method: GET
URL: http://localhost:49859/api/user
Controller : ProjectManager.Controllers.UserController
Action : GetUser
Action Parameters : System.Web.Http.Tracing.ITraceWriterExtensions+<>c__DisplayClass7

2018-11-11 14:08:04.8295|INFO|ProjectManager.Utils.LoggingUtility|Operation Result Format: JSON
Request ID: 8000000f-0001-fd00-b63f-84710c7967bb
Method: GET
URL: http://localhost:49859/api/user
Controller : ProjectManager.Controllers.UserController
Action : GetUser
Action Parameters : System.Web.Http.Tracing.ITraceWriterExtensions+<>c__DisplayClass7

2018-11-11 14:08:04.8295|INFO|ProjectManager.Utils.LoggingUtility|Operation Result Format: JSON
Request ID: 8000000b-0002-f500-b63f-84710c7967bb
Method: GET
URL: http://localhost:49859/api/project
Controller : ProjectManager.Controllers.ProjectController
Action : RetrieveProjects
Action Parameters : System.Web.Http.Tracing.ITraceWriterExtensions+<>c__DisplayClass7

2018-11-11 14:08:04.8295|INFO|ProjectManager.Utils.LoggingUtility|Operation Result Format: JSON
Request ID: 8000000b-0002-f500-b63f-84710c7967bb
Method: GET
URL: http://localhost:49859/api/project
Controller : ProjectManager.Controllers.ProjectController
Action : RetrieveProjects
Action Parameters : System.Web.Http.Tracing.ITraceWriterExtensions+<>c__DisplayClass7

2018-11-11 14:14:53.4867|INFO|ProjectManager.Utils.LoggingUtility|Operation Result Format: JSON
Request ID: 8000000d-0002-f500-b63f-84710c7967bb
Method: POST
URL: http://localhost:49859/api/project/delete
Controller : ProjectManager.Controllers.ProjectController
Action : DeleteProjectDetails
Action Parameters : System.Web.Http.Tracing.ITraceWriterExtensions+<>c__DisplayClass7

2018-11-11 14:14:56.1654|INFO|ProjectManager.Utils.LoggingUtility|Operation Result Format: JSON
Request ID: 8000000a-0000-fb00-b63f-84710c7967bb
Method: GET
URL: http://localhost:49859/api/user
Controller : ProjectManager.Controllers.UserController
Action : GetUser
Action Parameters : System.Web.Http.Tracing.ITraceWriterExtensions+<>c__DisplayClass7

2018-11-11 14:14:56.1654|INFO|ProjectManager.Utils.LoggingUtility|Operation Result Format: JSON
Request ID: 8000000a-0000-fb00-b63f-84710c7967bb
Method: GET
URL: http://localhost:49859/api/user
Controller : ProjectManager.Controllers.UserController
Action : GetUser
Action Parameters : System.Web.Http.Tracing.ITraceWriterExtensions+<>c__DisplayClass7

2018-11-11 14:14:56.4604|INFO|ProjectManager.Utils.LoggingUtility|Operation Result Format: JSON
Request ID: 80000009-0003-fd00-b63f-84710c7967bb
Method: GET
URL: http://localhost:49859/api/project
Controller : ProjectManager.Controllers.ProjectController
Action : RetrieveProjects
Action Parameters : System.Web.Http.Tracing.ITraceWriterExtensions+<>c__DisplayClass7

2018-11-11 14:14:56.4604|INFO|ProjectManager.Utils.LoggingUtility|Operation Result Format: JSON
Request ID: 80000009-0003-fd00-b63f-84710c7967bb
Method: GET
URL: http://localhost:49859/api/project
Controller : ProjectManager.Controllers.ProjectController
Action : RetrieveProjects
Action Parameters : System.Web.Http.Tracing.ITraceWriterExtensions+<>c__DisplayClass7

2018-11-11 14:15:57.6110|INFO|ProjectManager.Utils.LoggingUtility|Operation Result Format: JSON
Request ID: 8000000c-0000-fb00-b63f-84710c7967bb
Method: GET
URL: http://localhost:49859/api/user
Controller : ProjectManager.Controllers.UserController
Action : GetUser
Action Parameters : System.Web.Http.Tracing.ITraceWriterExtensions+<>c__DisplayClass7

2018-11-11 14:15:57.6110|INFO|ProjectManager.Utils.LoggingUtility|Operation Result Format: JSON
Request ID: 8000000c-0000-fb00-b63f-84710c7967bb
Method: GET
URL: http://localhost:49859/api/user
Controller : ProjectManager.Controllers.UserController
Action : GetUser
Action Parameters : System.Web.Http.Tracing.ITraceWriterExtensions+<>c__DisplayClass7

2018-11-11 14:15:57.6110|INFO|ProjectManager.Utils.LoggingUtility|Operation Result Format: JSON
Request ID: 8000000b-0003-fd00-b63f-84710c7967bb
Method: GET
URL: http://localhost:49859/api/project
Controller : ProjectManager.Controllers.ProjectController
Action : RetrieveProjects
Action Parameters : System.Web.Http.Tracing.ITraceWriterExtensions+<>c__DisplayClass7

2018-11-11 14:15:57.6500|INFO|ProjectManager.Utils.LoggingUtility|Operation Result Format: JSON
Request ID: 8000000b-0003-fd00-b63f-84710c7967bb
Method: GET
URL: http://localhost:49859/api/project
Controller : ProjectManager.Controllers.ProjectController
Action : RetrieveProjects
Action Parameters : System.Web.Http.Tracing.ITraceWriterExtensions+<>c__DisplayClass7

